<?xml version="1.0" encoding="UTF-8"?>
<testsuite name="Test Suite"
           tests="7"
           failures="1"
           errors="0"
           skipped="0"
           time="18.782">
  <properties />
            <testcase name="verifyUserShouldNavigateToGiftCards" time="1.838" classname="com.nopcommerce.demo.testsuite.TopMenuTest">
                <failure type="java.lang.StackOverflowError"
                  message="(null)"
              >
<![CDATA[java.lang.StackOverflowError
  java.lang.StringBuilder.append(StringBuilder.java:136)
  com.nopcommerce.demo.pages.TopMenuPage.verifyGiftCardPage(TopMenuPage.java:66)
  com.nopcommerce.demo.pages.TopMenuPage.verifyGiftCardPage(TopMenuPage.java:66)
  com.nopcommerce.demo.pages.TopMenuPage.verifyGiftCardPage(TopMenuPage.java:66)
  com.nopcommerce.demo.pages.TopMenuPage.verifyGiftCardPage(TopMenuPage.java:66)
  com.nopcommerce.demo.pages.TopMenuPage.verifyGiftCardPage(TopMenuPage.java:66)
  com.nopcommerce.demo.pages.TopMenuPage.verifyGiftCardPage(TopMenuPage.java:66)
  com.nopcommerce.demo.pages.TopMenuPage.verifyGiftCardPage(TopMenuPage.java:66)
  com.nopcommerce.demo.pages.TopMenuPage.verifyGiftCardPage(TopMenuPage.java:66)
  com.nopcommerce.demo.pages.TopMenuPage.verifyGiftCardPage(TopMenuPage.java:66)
  com.nopcommerce.demo.pages.TopMenuPage.verifyGiftCardPage(TopMenuPage.java:66)
  com.nopcommerce.demo.pages.TopMenuPage.verifyGiftCardPage(TopMenuPage.java:66)
  com.nopcommerce.demo.pages.TopMenuPage.verifyGiftCardPage(TopMenuPage.java:66)
  com.nopcommerce.demo.pages.TopMenuPage.verifyGiftCardPage(TopMenuPage.java:66)
  com.nopcommerce.demo.pages.TopMenuPage.verifyGiftCardPage(TopMenuPage.java:66)
  com.nopcommerce.demo.pages.TopMenuPage.verifyGiftCardPage(TopMenuPage.java:66)
  com.nopcommerce.demo.pages.TopMenuPage.verifyGiftCardPage(TopMenuPage.java:66)
  com.nopcommerce.demo.pages.TopMenuPage.verifyGiftCardPage(TopMenuPage.java:66)
  com.nopcommerce.demo.pages.TopMenuPage.verifyGiftCardPage(TopMenuPage.java:66)
  com.nopcommerce.demo.pages.TopMenuPage.verifyGiftCardPage(TopMenuPage.java:66)
  com.nopcommerce.demo.pages.TopMenuPage.verifyGiftCardPage(TopMenuPage.java:66)
  com.nopcommerce.demo.pages.TopMenuPage.verifyGiftCardPage(TopMenuPage.java:66)
  com.nopcommerce.demo.pages.TopMenuPage.verifyGiftCardPage(TopMenuPage.java:66)
  com.nopcommerce.demo.pages.TopMenuPage.verifyGiftCardPage(TopMenuPage.java:66)
  com.nopcommerce.demo.pages.TopMenuPage.verifyGiftCardPage(TopMenuPage.java:66)
  com.nopcommerce.demo.pages.TopMenuPage.verifyGiftCardPage(TopMenuPage.java:66)
  com.nopcommerce.demo.pages.TopMenuPage.verifyGiftCardPage(TopMenuPage.java:66)
  com.nopcommerce.demo.pages.TopMenuPage.verifyGiftCardPage(TopMenuPage.java:66)
  com.nopcommerce.demo.pages.TopMenuPage.verifyGiftCardPage(TopMenuPage.java:66)
  com.nopcommerce.demo.pages.TopMenuPage.verifyGiftCardPage(TopMenuPage.java:66)
  com.nopcommerce.demo.pages.TopMenuPage.verifyGiftCardPage(TopMenuPage.java:66)
  com.nopcommerce.demo.pages.TopMenuPage.verifyGiftCardPage(TopMenuPage.java:66)
  com.nopcommerce.demo.pages.TopMenuPage.verifyGiftCardPage(TopMenuPage.java:66)
  com.nopcommerce.demo.pages.TopMenuPage.verifyGiftCardPage(TopMenuPage.java:66)
  com.nopcommerce.demo.pages.TopMenuPage.verifyGiftCardPage(TopMenuPage.java:66)
  com.nopcommerce.demo.pages.TopMenuPage.verifyGiftCardPage(TopMenuPage.java:66)
  com.nopcommerce.demo.pages.TopMenuPage.verifyGiftCardPage(TopMenuPage.java:66)
  com.nopcommerce.demo.pages.TopMenuPage.verifyGiftCardPage(TopMenuPage.java:66)
  com.nopcommerce.demo.pages.TopMenuPage.verifyGiftCardPage(TopMenuPage.java:66)
  com.nopcommerce.demo.pages.TopMenuPage.verifyGiftCardPage(TopMenuPage.java:66)
  com.nopcommerce.demo.pages.TopMenuPage.verifyGiftCardPage(TopMenuPage.java:66)
  com.nopcommerce.demo.pages.TopMenuPage.verifyGiftCardPage(TopMenuPage.java:66)
  com.nopcommerce.demo.pages.TopMenuPage.verifyGiftCardPage(TopMenuPage.java:66)
  com.nopcommerce.demo.pages.TopMenuPage.verifyGiftCardPage(TopMenuPage.java:66)
  com.nopcommerce.demo.pages.TopMenuPage.verifyGiftCardPage(TopMenuPage.java:66)
  com.nopcommerce.demo.pages.TopMenuPage.verifyGiftCardPage(TopMenuPage.java:66)
  com.nopcommerce.demo.pages.TopMenuPage.verifyGiftCardPage(TopMenuPage.java:66)
  com.nopcommerce.demo.pages.TopMenuPage.verifyGiftCardPage(TopMenuPage.java:66)
  com.nopcommerce.demo.pages.TopMenuPage.verifyGiftCardPage(TopMenuPage.java:66)
  com.nopcommerce.demo.pages.TopMenuPage.verifyGiftCardPage(TopMenuPage.java:66)
  com.nopcommerce.demo.pages.TopMenuPage.verifyGiftCardPage(TopMenuPage.java:66)
  com.nopcommerce.demo.pages.TopMenuPage.verifyGiftCardPage(TopMenuPage.java:66)
  com.nopcommerce.demo.pages.TopMenuPage.verifyGiftCardPage(TopMenuPage.java:66)
  com.nopcommerce.demo.pages.TopMenuPage.verifyGiftCardPage(TopMenuPage.java:66)
  com.nopcommerce.demo.pages.TopMenuPage.verifyGiftCardPage(TopMenuPage.java:66)
  com.nopcommerce.demo.pages.TopMenuPage.verifyGiftCardPage(TopMenuPage.java:66)
  com.nopcommerce.demo.pages.TopMenuPage.verifyGiftCardPage(TopMenuPage.java:66)
  com.nopcommerce.demo.pages.TopMenuPage.verifyGiftCardPage(TopMenuPage.java:66)
  com.nopcommerce.demo.pages.TopMenuPage.verifyGiftCardPage(TopMenuPage.java:66)
  com.nopcommerce.demo.pages.TopMenuPage.verifyGiftCardPage(TopMenuPage.java:66)
  com.nopcommerce.demo.pages.TopMenuPage.verifyGiftCardPage(TopMenuPage.java:66)
  com.nopcommerce.demo.pages.TopMenuPage.verifyGiftCardPage(TopMenuPage.java:66)
  com.nopcommerce.demo.pages.TopMenuPage.verifyGiftCardPage(TopMenuPage.java:66)
  com.nopcommerce.demo.pages.TopMenuPage.verifyGiftCardPage(TopMenuPage.java:66)
  com.nopcommerce.demo.pages.TopMenuPage.verifyGiftCardPage(TopMenuPage.java:66)
  com.nopcommerce.demo.pages.TopMenuPage.verifyGiftCardPage(TopMenuPage.java:66)
  com.nopcommerce.demo.pages.TopMenuPage.verifyGiftCardPage(TopMenuPage.java:66)
  com.nopcommerce.demo.pages.TopMenuPage.verifyGiftCardPage(TopMenuPage.java:66)
  com.nopcommerce.demo.pages.TopMenuPage.verifyGiftCardPage(TopMenuPage.java:66)
  com.nopcommerce.demo.pages.TopMenuPage.verifyGiftCardPage(TopMenuPage.java:66)
  com.nopcommerce.demo.pages.TopMenuPage.verifyGiftCardPage(TopMenuPage.java:66)
  com.nopcommerce.demo.pages.TopMenuPage.verifyGiftCardPage(TopMenuPage.java:66)
  com.nopcommerce.demo.pages.TopMenuPage.verifyGiftCardPage(TopMenuPage.java:66)
  com.nopcommerce.demo.pages.TopMenuPage.verifyGiftCardPage(TopMenuPage.java:66)
  com.nopcommerce.demo.pages.TopMenuPage.verifyGiftCardPage(TopMenuPage.java:66)
  com.nopcommerce.demo.pages.TopMenuPage.verifyGiftCardPage(TopMenuPage.java:66)
  com.nopcommerce.demo.pages.TopMenuPage.verifyGiftCardPage(TopMenuPage.java:66)
  com.nopcommerce.demo.pages.TopMenuPage.verifyGiftCardPage(TopMenuPage.java:66)
  com.nopcommerce.demo.pages.TopMenuPage.verifyGiftCardPage(TopMenuPage.java:66)
  com.nopcommerce.demo.pages.TopMenuPage.verifyGiftCardPage(TopMenuPage.java:66)
  com.nopcommerce.demo.pages.TopMenuPage.verifyGiftCardPage(TopMenuPage.java:66)
  com.nopcommerce.demo.pages.TopMenuPage.verifyGiftCardPage(TopMenuPage.java:66)
  com.nopcommerce.demo.pages.TopMenuPage.verifyGiftCardPage(TopMenuPage.java:66)
  com.nopcommerce.demo.pages.TopMenuPage.verifyGiftCardPage(TopMenuPage.java:66)
  com.nopcommerce.demo.pages.TopMenuPage.verifyGiftCardPage(TopMenuPage.java:66)
  com.nopcommerce.demo.pages.TopMenuPage.verifyGiftCardPage(TopMenuPage.java:66)
  com.nopcommerce.demo.pages.TopMenuPage.verifyGiftCardPage(TopMenuPage.java:66)
  com.nopcommerce.demo.pages.TopMenuPage.verifyGiftCardPage(TopMenuPage.java:66)
  com.nopcommerce.demo.pages.TopMenuPage.verifyGiftCardPage(TopMenuPage.java:66)
  com.nopcommerce.demo.pages.TopMenuPage.verifyGiftCardPage(TopMenuPage.java:66)
  com.nopcommerce.demo.pages.TopMenuPage.verifyGiftCardPage(TopMenuPage.java:66)
  com.nopcommerce.demo.pages.TopMenuPage.verifyGiftCardPage(TopMenuPage.java:66)
  com.nopcommerce.demo.pages.TopMenuPage.verifyGiftCardPage(TopMenuPage.java:66)
  com.nopcommerce.demo.pages.TopMenuPage.verifyGiftCardPage(TopMenuPage.java:66)
  com.nopcommerce.demo.pages.TopMenuPage.verifyGiftCardPage(TopMenuPage.java:66)
  com.nopcommerce.demo.pages.TopMenuPage.verifyGiftCardPage(TopMenuPage.java:66)
  com.nopcommerce.demo.pages.TopMenuPage.verifyGiftCardPage(TopMenuPage.java:66)
  com.nopcommerce.demo.pages.TopMenuPage.verifyGiftCardPage(TopMenuPage.java:66)
  com.nopcommerce.demo.pages.TopMenuPage.verifyGiftCardPage(TopMenuPage.java:66)
  com.nopcommerce.demo.pages.TopMenuPage.verifyGiftCardPage(TopMenuPage.java:66)
  com.nopcommerce.demo.pages.TopMenuPage.verifyGiftCardPage(TopMenuPage.java:66)
  com.nopcommerce.demo.pages.TopMenuPage.verifyGiftCardPage(TopMenuPage.java:66)
  com.nopcommerce.demo.pages.TopMenuPage.verifyGiftCardPage(TopMenuPage.java:66)
  com.nopcommerce.demo.pages.TopMenuPage.verifyGiftCardPage(TopMenuPage.java:66)
  com.nopcommerce.demo.pages.TopMenuPage.verifyGiftCardPage(TopMenuPage.java:66)
  com.nopcommerce.demo.pages.TopMenuPage.verifyGiftCardPage(TopMenuPage.java:66)
  com.nopcommerce.demo.pages.TopMenuPage.verifyGiftCardPage(TopMenuPage.java:66)
  com.nopcommerce.demo.pages.TopMenuPage.verifyGiftCardPage(TopMenuPage.java:66)
  com.nopcommerce.demo.pages.TopMenuPage.verifyGiftCardPage(TopMenuPage.java:66)
  com.nopcommerce.demo.pages.TopMenuPage.verifyGiftCardPage(TopMenuPage.java:66)
  com.nopcommerce.demo.pages.TopMenuPage.verifyGiftCardPage(TopMenuPage.java:66)
  com.nopcommerce.demo.pages.TopMenuPage.verifyGiftCardPage(TopMenuPage.java:66)
  com.nopcommerce.demo.pages.TopMenuPage.verifyGiftCardPage(TopMenuPage.java:66)
  com.nopcommerce.demo.pages.TopMenuPage.verifyGiftCardPage(TopMenuPage.java:66)
  com.nopcommerce.demo.pages.TopMenuPage.verifyGiftCardPage(TopMenuPage.java:66)
  com.nopcommerce.demo.pages.TopMenuPage.verifyGiftCardPage(TopMenuPage.java:66)
  com.nopcommerce.demo.pages.TopMenuPage.verifyGiftCardPage(TopMenuPage.java:66)
  com.nopcommerce.demo.pages.TopMenuPage.verifyGiftCardPage(TopMenuPage.java:66)
  com.nopcommerce.demo.pages.TopMenuPage.verifyGiftCardPage(TopMenuPage.java:66)
  com.nopcommerce.demo.pages.TopMenuPage.verifyGiftCardPage(TopMenuPage.java:66)
  com.nopcommerce.demo.pages.TopMenuPage.verifyGiftCardPage(TopMenuPage.java:66)
  com.nopcommerce.demo.pages.TopMenuPage.verifyGiftCardPage(TopMenuPage.java:66)
  com.nopcommerce.demo.pages.TopMenuPage.verifyGiftCardPage(TopMenuPage.java:66)
  com.nopcommerce.demo.pages.TopMenuPage.verifyGiftCardPage(TopMenuPage.java:66)
  com.nopcommerce.demo.pages.TopMenuPage.verifyGiftCardPage(TopMenuPage.java:66)
  com.nopcommerce.demo.pages.TopMenuPage.verifyGiftCardPage(TopMenuPage.java:66)
  com.nopcommerce.demo.pages.TopMenuPage.verifyGiftCardPage(TopMenuPage.java:66)
  com.nopcommerce.demo.pages.TopMenuPage.verifyGiftCardPage(TopMenuPage.java:66)
  com.nopcommerce.demo.pages.TopMenuPage.verifyGiftCardPage(TopMenuPage.java:66)
  com.nopcommerce.demo.pages.TopMenuPage.verifyGiftCardPage(TopMenuPage.java:66)
  com.nopcommerce.demo.pages.TopMenuPage.verifyGiftCardPage(TopMenuPage.java:66)
  com.nopcommerce.demo.pages.TopMenuPage.verifyGiftCardPage(TopMenuPage.java:66)
  com.nopcommerce.demo.pages.TopMenuPage.verifyGiftCardPage(TopMenuPage.java:66)
  com.nopcommerce.demo.pages.TopMenuPage.verifyGiftCardPage(TopMenuPage.java:66)
  com.nopcommerce.demo.pages.TopMenuPage.verifyGiftCardPage(TopMenuPage.java:66)
  com.nopcommerce.demo.pages.TopMenuPage.verifyGiftCardPage(TopMenuPage.java:66)
  com.nopcommerce.demo.pages.TopMenuPage.verifyGiftCardPage(TopMenuPage.java:66)
  com.nopcommerce.demo.pages.TopMenuPage.verifyGiftCardPage(TopMenuPage.java:66)
  com.nopcommerce.demo.pages.TopMenuPage.verifyGiftCardPage(TopMenuPage.java:66)
  com.nopcommerce.demo.pages.TopMenuPage.verifyGiftCardPage(TopMenuPage.java:66)
  com.nopcommerce.demo.pages.TopMenuPage.verifyGiftCardPage(TopMenuPage.java:66)
  com.nopcommerce.demo.pages.TopMenuPage.verifyGiftCardPage(TopMenuPage.java:66)
  com.nopcommerce.demo.pages.TopMenuPage.verifyGiftCardPage(TopMenuPage.java:66)
  com.nopcommerce.demo.pages.TopMenuPage.verifyGiftCardPage(TopMenuPage.java:66)
  com.nopcommerce.demo.pages.TopMenuPage.verifyGiftCardPage(TopMenuPage.java:66)
  com.nopcommerce.demo.pages.TopMenuPage.verifyGiftCardPage(TopMenuPage.java:66)
  com.nopcommerce.demo.pages.TopMenuPage.verifyGiftCardPage(TopMenuPage.java:66)
  com.nopcommerce.demo.pages.TopMenuPage.verifyGiftCardPage(TopMenuPage.java:66)
  com.nopcommerce.demo.pages.TopMenuPage.verifyGiftCardPage(TopMenuPage.java:66)
  com.nopcommerce.demo.pages.TopMenuPage.verifyGiftCardPage(TopMenuPage.java:66)
  com.nopcommerce.demo.pages.TopMenuPage.verifyGiftCardPage(TopMenuPage.java:66)
  com.nopcommerce.demo.pages.TopMenuPage.verifyGiftCardPage(TopMenuPage.java:66)
  com.nopcommerce.demo.pages.TopMenuPage.verifyGiftCardPage(TopMenuPage.java:66)
  com.nopcommerce.demo.pages.TopMenuPage.verifyGiftCardPage(TopMenuPage.java:66)
  com.nopcommerce.demo.pages.TopMenuPage.verifyGiftCardPage(TopMenuPage.java:66)
  com.nopcommerce.demo.pages.TopMenuPage.verifyGiftCardPage(TopMenuPage.java:66)
  com.nopcommerce.demo.pages.TopMenuPage.verifyGiftCardPage(TopMenuPage.java:66)
  com.nopcommerce.demo.pages.TopMenuPage.verifyGiftCardPage(TopMenuPage.java:66)
  com.nopcommerce.demo.pages.TopMenuPage.verifyGiftCardPage(TopMenuPage.java:66)
  com.nopcommerce.demo.pages.TopMenuPage.verifyGiftCardPage(TopMenuPage.java:66)
  com.nopcommerce.demo.pages.TopMenuPage.verifyGiftCardPage(TopMenuPage.java:66)
  com.nopcommerce.demo.pages.TopMenuPage.verifyGiftCardPage(TopMenuPage.java:66)
  com.nopcommerce.demo.pages.TopMenuPage.verifyGiftCardPage(TopMenuPage.java:66)
  com.nopcommerce.demo.pages.TopMenuPage.verifyGiftCardPage(TopMenuPage.java:66)
  com.nopcommerce.demo.pages.TopMenuPage.verifyGiftCardPage(TopMenuPage.java:66)
  com.nopcommerce.demo.pages.TopMenuPage.verifyGiftCardPage(TopMenuPage.java:66)
  com.nopcommerce.demo.pages.TopMenuPage.verifyGiftCardPage(TopMenuPage.java:66)
  com.nopcommerce.demo.pages.TopMenuPage.verifyGiftCardPage(TopMenuPage.java:66)
  com.nopcommerce.demo.pages.TopMenuPage.verifyGiftCardPage(TopMenuPage.java:66)
  com.nopcommerce.demo.pages.TopMenuPage.verifyGiftCardPage(TopMenuPage.java:66)
  com.nopcommerce.demo.pages.TopMenuPage.verifyGiftCardPage(TopMenuPage.java:66)
  com.nopcommerce.demo.pages.TopMenuPage.verifyGiftCardPage(TopMenuPage.java:66)
  com.nopcommerce.demo.pages.TopMenuPage.verifyGiftCardPage(TopMenuPage.java:66)
  com.nopcommerce.demo.pages.TopMenuPage.verifyGiftCardPage(TopMenuPage.java:66)
  com.nopcommerce.demo.pages.TopMenuPage.verifyGiftCardPage(TopMenuPage.java:66)
  com.nopcommerce.demo.pages.TopMenuPage.verifyGiftCardPage(TopMenuPage.java:66)
  com.nopcommerce.demo.pages.TopMenuPage.verifyGiftCardPage(TopMenuPage.java:66)
  com.nopcommerce.demo.pages.TopMenuPage.verifyGiftCardPage(TopMenuPage.java:66)
  com.nopcommerce.demo.pages.TopMenuPage.verifyGiftCardPage(TopMenuPage.java:66)
  com.nopcommerce.demo.pages.TopMenuPage.verifyGiftCardPage(TopMenuPage.java:66)
  com.nopcommerce.demo.pages.TopMenuPage.verifyGiftCardPage(TopMenuPage.java:66)
  com.nopcommerce.demo.pages.TopMenuPage.verifyGiftCardPage(TopMenuPage.java:66)
  com.nopcommerce.demo.pages.TopMenuPage.verifyGiftCardPage(TopMenuPage.java:66)
  com.nopcommerce.demo.pages.TopMenuPage.verifyGiftCardPage(TopMenuPage.java:66)
  com.nopcommerce.demo.pages.TopMenuPage.verifyGiftCardPage(TopMenuPage.java:66)
  com.nopcommerce.demo.pages.TopMenuPage.verifyGiftCardPage(TopMenuPage.java:66)
  com.nopcommerce.demo.pages.TopMenuPage.verifyGiftCardPage(TopMenuPage.java:66)
  com.nopcommerce.demo.pages.TopMenuPage.verifyGiftCardPage(TopMenuPage.java:66)
  com.nopcommerce.demo.pages.TopMenuPage.verifyGiftCardPage(TopMenuPage.java:66)
  com.nopcommerce.demo.pages.TopMenuPage.verifyGiftCardPage(TopMenuPage.java:66)
  com.nopcommerce.demo.pages.TopMenuPage.verifyGiftCardPage(TopMenuPage.java:66)
  com.nopcommerce.demo.pages.TopMenuPage.verifyGiftCardPage(TopMenuPage.java:66)
  com.nopcommerce.demo.pages.TopMenuPage.verifyGiftCardPage(TopMenuPage.java:66)
  com.nopcommerce.demo.pages.TopMenuPage.verifyGiftCardPage(TopMenuPage.java:66)
  com.nopcommerce.demo.pages.TopMenuPage.verifyGiftCardPage(TopMenuPage.java:66)
  com.nopcommerce.demo.pages.TopMenuPage.verifyGiftCardPage(TopMenuPage.java:66)
  com.nopcommerce.demo.pages.TopMenuPage.verifyGiftCardPage(TopMenuPage.java:66)
  com.nopcommerce.demo.pages.TopMenuPage.verifyGiftCardPage(TopMenuPage.java:66)
  com.nopcommerce.demo.pages.TopMenuPage.verifyGiftCardPage(TopMenuPage.java:66)
  com.nopcommerce.demo.pages.TopMenuPage.verifyGiftCardPage(TopMenuPage.java:66)
  com.nopcommerce.demo.pages.TopMenuPage.verifyGiftCardPage(TopMenuPage.java:66)
  com.nopcommerce.demo.pages.TopMenuPage.verifyGiftCardPage(TopMenuPage.java:66)
  com.nopcommerce.demo.pages.TopMenuPage.verifyGiftCardPage(TopMenuPage.java:66)
  com.nopcommerce.demo.pages.TopMenuPage.verifyGiftCardPage(TopMenuPage.java:66)
  com.nopcommerce.demo.pages.TopMenuPage.verifyGiftCardPage(TopMenuPage.java:66)
  com.nopcommerce.demo.pages.TopMenuPage.verifyGiftCardPage(TopMenuPage.java:66)
  com.nopcommerce.demo.pages.TopMenuPage.verifyGiftCardPage(TopMenuPage.java:66)
  com.nopcommerce.demo.pages.TopMenuPage.verifyGiftCardPage(TopMenuPage.java:66)
  com.nopcommerce.demo.pages.TopMenuPage.verifyGiftCardPage(TopMenuPage.java:66)
  com.nopcommerce.demo.pages.TopMenuPage.verifyGiftCardPage(TopMenuPage.java:66)
  com.nopcommerce.demo.pages.TopMenuPage.verifyGiftCardPage(TopMenuPage.java:66)
  com.nopcommerce.demo.pages.TopMenuPage.verifyGiftCardPage(TopMenuPage.java:66)
  com.nopcommerce.demo.pages.TopMenuPage.verifyGiftCardPage(TopMenuPage.java:66)
  com.nopcommerce.demo.pages.TopMenuPage.verifyGiftCardPage(TopMenuPage.java:66)
  com.nopcommerce.demo.pages.TopMenuPage.verifyGiftCardPage(TopMenuPage.java:66)
  com.nopcommerce.demo.pages.TopMenuPage.verifyGiftCardPage(TopMenuPage.java:66)
  com.nopcommerce.demo.pages.TopMenuPage.verifyGiftCardPage(TopMenuPage.java:66)
  com.nopcommerce.demo.pages.TopMenuPage.verifyGiftCardPage(TopMenuPage.java:66)
  com.nopcommerce.demo.pages.TopMenuPage.verifyGiftCardPage(TopMenuPage.java:66)
  com.nopcommerce.demo.pages.TopMenuPage.verifyGiftCardPage(TopMenuPage.java:66)
  com.nopcommerce.demo.pages.TopMenuPage.verifyGiftCardPage(TopMenuPage.java:66)
  com.nopcommerce.demo.pages.TopMenuPage.verifyGiftCardPage(TopMenuPage.java:66)
  com.nopcommerce.demo.pages.TopMenuPage.verifyGiftCardPage(TopMenuPage.java:66)
  com.nopcommerce.demo.pages.TopMenuPage.verifyGiftCardPage(TopMenuPage.java:66)
  com.nopcommerce.demo.pages.TopMenuPage.verifyGiftCardPage(TopMenuPage.java:66)
  com.nopcommerce.demo.pages.TopMenuPage.verifyGiftCardPage(TopMenuPage.java:66)
  com.nopcommerce.demo.pages.TopMenuPage.verifyGiftCardPage(TopMenuPage.java:66)
  com.nopcommerce.demo.pages.TopMenuPage.verifyGiftCardPage(TopMenuPage.java:66)
  com.nopcommerce.demo.pages.TopMenuPage.verifyGiftCardPage(TopMenuPage.java:66)
  com.nopcommerce.demo.pages.TopMenuPage.verifyGiftCardPage(TopMenuPage.java:66)
  com.nopcommerce.demo.pages.TopMenuPage.verifyGiftCardPage(TopMenuPage.java:66)
  com.nopcommerce.demo.pages.TopMenuPage.verifyGiftCardPage(TopMenuPage.java:66)
  com.nopcommerce.demo.pages.TopMenuPage.verifyGiftCardPage(TopMenuPage.java:66)
  com.nopcommerce.demo.pages.TopMenuPage.verifyGiftCardPage(TopMenuPage.java:66)
  com.nopcommerce.demo.pages.TopMenuPage.verifyGiftCardPage(TopMenuPage.java:66)
  com.nopcommerce.demo.pages.TopMenuPage.verifyGiftCardPage(TopMenuPage.java:66)
  com.nopcommerce.demo.pages.TopMenuPage.verifyGiftCardPage(TopMenuPage.java:66)
  com.nopcommerce.demo.pages.TopMenuPage.verifyGiftCardPage(TopMenuPage.java:66)
  com.nopcommerce.demo.pages.TopMenuPage.verifyGiftCardPage(TopMenuPage.java:66)
  com.nopcommerce.demo.pages.TopMenuPage.verifyGiftCardPage(TopMenuPage.java:66)
  com.nopcommerce.demo.pages.TopMenuPage.verifyGiftCardPage(TopMenuPage.java:66)
  com.nopcommerce.demo.pages.TopMenuPage.verifyGiftCardPage(TopMenuPage.java:66)
  com.nopcommerce.demo.pages.TopMenuPage.verifyGiftCardPage(TopMenuPage.java:66)
  com.nopcommerce.demo.pages.TopMenuPage.verifyGiftCardPage(TopMenuPage.java:66)
  com.nopcommerce.demo.pages.TopMenuPage.verifyGiftCardPage(TopMenuPage.java:66)
  com.nopcommerce.demo.pages.TopMenuPage.verifyGiftCardPage(TopMenuPage.java:66)
  com.nopcommerce.demo.pages.TopMenuPage.verifyGiftCardPage(TopMenuPage.java:66)
  com.nopcommerce.demo.pages.TopMenuPage.verifyGiftCardPage(TopMenuPage.java:66)
  com.nopcommerce.demo.pages.TopMenuPage.verifyGiftCardPage(TopMenuPage.java:66)
  com.nopcommerce.demo.pages.TopMenuPage.verifyGiftCardPage(TopMenuPage.java:66)
  com.nopcommerce.demo.pages.TopMenuPage.verifyGiftCardPage(TopMenuPage.java:66)
  com.nopcommerce.demo.pages.TopMenuPage.verifyGiftCardPage(TopMenuPage.java:66)
  com.nopcommerce.demo.pages.TopMenuPage.verifyGiftCardPage(TopMenuPage.java:66)
  com.nopcommerce.demo.pages.TopMenuPage.verifyGiftCardPage(TopMenuPage.java:66)
  com.nopcommerce.demo.pages.TopMenuPage.verifyGiftCardPage(TopMenuPage.java:66)
  com.nopcommerce.demo.pages.TopMenuPage.verifyGiftCardPage(TopMenuPage.java:66)
  com.nopcommerce.demo.pages.TopMenuPage.verifyGiftCardPage(TopMenuPage.java:66)
  com.nopcommerce.demo.pages.TopMenuPage.verifyGiftCardPage(TopMenuPage.java:66)
  com.nopcommerce.demo.pages.TopMenuPage.verifyGiftCardPage(TopMenuPage.java:66)
  com.nopcommerce.demo.pages.TopMenuPage.verifyGiftCardPage(TopMenuPage.java:66)
  com.nopcommerce.demo.pages.TopMenuPage.verifyGiftCardPage(TopMenuPage.java:66)
  com.nopcommerce.demo.pages.TopMenuPage.verifyGiftCardPage(TopMenuPage.java:66)
  com.nopcommerce.demo.pages.TopMenuPage.verifyGiftCardPage(TopMenuPage.java:66)
  com.nopcommerce.demo.pages.TopMenuPage.verifyGiftCardPage(TopMenuPage.java:66)
  com.nopcommerce.demo.pages.TopMenuPage.verifyGiftCardPage(TopMenuPage.java:66)
  com.nopcommerce.demo.pages.TopMenuPage.verifyGiftCardPage(TopMenuPage.java:66)
  com.nopcommerce.demo.pages.TopMenuPage.verifyGiftCardPage(TopMenuPage.java:66)
  com.nopcommerce.demo.pages.TopMenuPage.verifyGiftCardPage(TopMenuPage.java:66)
  com.nopcommerce.demo.pages.TopMenuPage.verifyGiftCardPage(TopMenuPage.java:66)
  com.nopcommerce.demo.pages.TopMenuPage.verifyGiftCardPage(TopMenuPage.java:66)
  com.nopcommerce.demo.pages.TopMenuPage.verifyGiftCardPage(TopMenuPage.java:66)
  com.nopcommerce.demo.pages.TopMenuPage.verifyGiftCardPage(TopMenuPage.java:66)
  com.nopcommerce.demo.pages.TopMenuPage.verifyGiftCardPage(TopMenuPage.java:66)
  com.nopcommerce.demo.pages.TopMenuPage.verifyGiftCardPage(TopMenuPage.java:66)
  com.nopcommerce.demo.pages.TopMenuPage.verifyGiftCardPage(TopMenuPage.java:66)
  com.nopcommerce.demo.pages.TopMenuPage.verifyGiftCardPage(TopMenuPage.java:66)
  com.nopcommerce.demo.pages.TopMenuPage.verifyGiftCardPage(TopMenuPage.java:66)
  com.nopcommerce.demo.pages.TopMenuPage.verifyGiftCardPage(TopMenuPage.java:66)
  com.nopcommerce.demo.pages.TopMenuPage.verifyGiftCardPage(TopMenuPage.java:66)
  com.nopcommerce.demo.pages.TopMenuPage.verifyGiftCardPage(TopMenuPage.java:66)
  com.nopcommerce.demo.pages.TopMenuPage.verifyGiftCardPage(TopMenuPage.java:66)
  com.nopcommerce.demo.pages.TopMenuPage.verifyGiftCardPage(TopMenuPage.java:66)
  com.nopcommerce.demo.pages.TopMenuPage.verifyGiftCardPage(TopMenuPage.java:66)
  com.nopcommerce.demo.pages.TopMenuPage.verifyGiftCardPage(TopMenuPage.java:66)
  com.nopcommerce.demo.pages.TopMenuPage.verifyGiftCardPage(TopMenuPage.java:66)
  com.nopcommerce.demo.pages.TopMenuPage.verifyGiftCardPage(TopMenuPage.java:66)
  com.nopcommerce.demo.pages.TopMenuPage.verifyGiftCardPage(TopMenuPage.java:66)
  com.nopcommerce.demo.pages.TopMenuPage.verifyGiftCardPage(TopMenuPage.java:66)
  com.nopcommerce.demo.pages.TopMenuPage.verifyGiftCardPage(TopMenuPage.java:66)
  com.nopcommerce.demo.pages.TopMenuPage.verifyGiftCardPage(TopMenuPage.java:66)
  com.nopcommerce.demo.pages.TopMenuPage.verifyGiftCardPage(TopMenuPage.java:66)
  com.nopcommerce.demo.pages.TopMenuPage.verifyGiftCardPage(TopMenuPage.java:66)
  com.nopcommerce.demo.pages.TopMenuPage.verifyGiftCardPage(TopMenuPage.java:66)
  com.nopcommerce.demo.pages.TopMenuPage.verifyGiftCardPage(TopMenuPage.java:66)
  com.nopcommerce.demo.pages.TopMenuPage.verifyGiftCardPage(TopMenuPage.java:66)
  com.nopcommerce.demo.pages.TopMenuPage.verifyGiftCardPage(TopMenuPage.java:66)
  com.nopcommerce.demo.pages.TopMenuPage.verifyGiftCardPage(TopMenuPage.java:66)
  com.nopcommerce.demo.pages.TopMenuPage.verifyGiftCardPage(TopMenuPage.java:66)
  com.nopcommerce.demo.pages.TopMenuPage.verifyGiftCardPage(TopMenuPage.java:66)
  com.nopcommerce.demo.pages.TopMenuPage.verifyGiftCardPage(TopMenuPage.java:66)
  com.nopcommerce.demo.pages.TopMenuPage.verifyGiftCardPage(TopMenuPage.java:66)
  com.nopcommerce.demo.pages.TopMenuPage.verifyGiftCardPage(TopMenuPage.java:66)
  com.nopcommerce.demo.pages.TopMenuPage.verifyGiftCardPage(TopMenuPage.java:66)
  com.nopcommerce.demo.pages.TopMenuPage.verifyGiftCardPage(TopMenuPage.java:66)
  com.nopcommerce.demo.pages.TopMenuPage.verifyGiftCardPage(TopMenuPage.java:66)
  com.nopcommerce.demo.pages.TopMenuPage.verifyGiftCardPage(TopMenuPage.java:66)
  com.nopcommerce.demo.pages.TopMenuPage.verifyGiftCardPage(TopMenuPage.java:66)
  com.nopcommerce.demo.pages.TopMenuPage.verifyGiftCardPage(TopMenuPage.java:66)
  com.nopcommerce.demo.pages.TopMenuPage.verifyGiftCardPage(TopMenuPage.java:66)
  com.nopcommerce.demo.pages.TopMenuPage.verifyGiftCardPage(TopMenuPage.java:66)
  com.nopcommerce.demo.pages.TopMenuPage.verifyGiftCardPage(TopMenuPage.java:66)
  com.nopcommerce.demo.pages.TopMenuPage.verifyGiftCardPage(TopMenuPage.java:66)
  com.nopcommerce.demo.pages.TopMenuPage.verifyGiftCardPage(TopMenuPage.java:66)
  com.nopcommerce.demo.pages.TopMenuPage.verifyGiftCardPage(TopMenuPage.java:66)
  com.nopcommerce.demo.pages.TopMenuPage.verifyGiftCardPage(TopMenuPage.java:66)
  com.nopcommerce.demo.pages.TopMenuPage.verifyGiftCardPage(TopMenuPage.java:66)
  com.nopcommerce.demo.pages.TopMenuPage.verifyGiftCardPage(TopMenuPage.java:66)
  com.nopcommerce.demo.pages.TopMenuPage.verifyGiftCardPage(TopMenuPage.java:66)
  com.nopcommerce.demo.pages.TopMenuPage.verifyGiftCardPage(TopMenuPage.java:66)
  com.nopcommerce.demo.pages.TopMenuPage.verifyGiftCardPage(TopMenuPage.java:66)
  com.nopcommerce.demo.pages.TopMenuPage.verifyGiftCardPage(TopMenuPage.java:66)
  com.nopcommerce.demo.pages.TopMenuPage.verifyGiftCardPage(TopMenuPage.java:66)
  com.nopcommerce.demo.pages.TopMenuPage.verifyGiftCardPage(TopMenuPage.java:66)
  com.nopcommerce.demo.pages.TopMenuPage.verifyGiftCardPage(TopMenuPage.java:66)
  com.nopcommerce.demo.pages.TopMenuPage.verifyGiftCardPage(TopMenuPage.java:66)
  com.nopcommerce.demo.pages.TopMenuPage.verifyGiftCardPage(TopMenuPage.java:66)
  com.nopcommerce.demo.pages.TopMenuPage.verifyGiftCardPage(TopMenuPage.java:66)
  com.nopcommerce.demo.pages.TopMenuPage.verifyGiftCardPage(TopMenuPage.java:66)
  com.nopcommerce.demo.pages.TopMenuPage.verifyGiftCardPage(TopMenuPage.java:66)
  com.nopcommerce.demo.pages.TopMenuPage.verifyGiftCardPage(TopMenuPage.java:66)
  com.nopcommerce.demo.pages.TopMenuPage.verifyGiftCardPage(TopMenuPage.java:66)
  com.nopcommerce.demo.pages.TopMenuPage.verifyGiftCardPage(TopMenuPage.java:66)
  com.nopcommerce.demo.pages.TopMenuPage.verifyGiftCardPage(TopMenuPage.java:66)
  com.nopcommerce.demo.pages.TopMenuPage.verifyGiftCardPage(TopMenuPage.java:66)
  com.nopcommerce.demo.pages.TopMenuPage.verifyGiftCardPage(TopMenuPage.java:66)
  com.nopcommerce.demo.pages.TopMenuPage.verifyGiftCardPage(TopMenuPage.java:66)
  com.nopcommerce.demo.pages.TopMenuPage.verifyGiftCardPage(TopMenuPage.java:66)
  com.nopcommerce.demo.pages.TopMenuPage.verifyGiftCardPage(TopMenuPage.java:66)
  com.nopcommerce.demo.pages.TopMenuPage.verifyGiftCardPage(TopMenuPage.java:66)
  com.nopcommerce.demo.pages.TopMenuPage.verifyGiftCardPage(TopMenuPage.java:66)
  com.nopcommerce.demo.pages.TopMenuPage.verifyGiftCardPage(TopMenuPage.java:66)
  com.nopcommerce.demo.pages.TopMenuPage.verifyGiftCardPage(TopMenuPage.java:66)
  com.nopcommerce.demo.pages.TopMenuPage.verifyGiftCardPage(TopMenuPage.java:66)
  com.nopcommerce.demo.pages.TopMenuPage.verifyGiftCardPage(TopMenuPage.java:66)
  com.nopcommerce.demo.pages.TopMenuPage.verifyGiftCardPage(TopMenuPage.java:66)
  com.nopcommerce.demo.pages.TopMenuPage.verifyGiftCardPage(TopMenuPage.java:66)
  com.nopcommerce.demo.pages.TopMenuPage.verifyGiftCardPage(TopMenuPage.java:66)
  com.nopcommerce.demo.pages.TopMenuPage.verifyGiftCardPage(TopMenuPage.java:66)
  com.nopcommerce.demo.pages.TopMenuPage.verifyGiftCardPage(TopMenuPage.java:66)
  com.nopcommerce.demo.pages.TopMenuPage.verifyGiftCardPage(TopMenuPage.java:66)
  com.nopcommerce.demo.pages.TopMenuPage.verifyGiftCardPage(TopMenuPage.java:66)
  com.nopcommerce.demo.pages.TopMenuPage.verifyGiftCardPage(TopMenuPage.java:66)
  com.nopcommerce.demo.pages.TopMenuPage.verifyGiftCardPage(TopMenuPage.java:66)
  com.nopcommerce.demo.pages.TopMenuPage.verifyGiftCardPage(TopMenuPage.java:66)
  com.nopcommerce.demo.pages.TopMenuPage.verifyGiftCardPage(TopMenuPage.java:66)
  com.nopcommerce.demo.pages.TopMenuPage.verifyGiftCardPage(TopMenuPage.java:66)
  com.nopcommerce.demo.pages.TopMenuPage.verifyGiftCardPage(TopMenuPage.java:66)
  com.nopcommerce.demo.pages.TopMenuPage.verifyGiftCardPage(TopMenuPage.java:66)
  com.nopcommerce.demo.pages.TopMenuPage.verifyGiftCardPage(TopMenuPage.java:66)
  com.nopcommerce.demo.pages.TopMenuPage.verifyGiftCardPage(TopMenuPage.java:66)
  com.nopcommerce.demo.pages.TopMenuPage.verifyGiftCardPage(TopMenuPage.java:66)
  com.nopcommerce.demo.pages.TopMenuPage.verifyGiftCardPage(TopMenuPage.java:66)
  com.nopcommerce.demo.pages.TopMenuPage.verifyGiftCardPage(TopMenuPage.java:66)
  com.nopcommerce.demo.pages.TopMenuPage.verifyGiftCardPage(TopMenuPage.java:66)
  com.nopcommerce.demo.pages.TopMenuPage.verifyGiftCardPage(TopMenuPage.java:66)
  com.nopcommerce.demo.pages.TopMenuPage.verifyGiftCardPage(TopMenuPage.java:66)
  com.nopcommerce.demo.pages.TopMenuPage.verifyGiftCardPage(TopMenuPage.java:66)
  com.nopcommerce.demo.pages.TopMenuPage.verifyGiftCardPage(TopMenuPage.java:66)
  com.nopcommerce.demo.pages.TopMenuPage.verifyGiftCardPage(TopMenuPage.java:66)
  com.nopcommerce.demo.pages.TopMenuPage.verifyGiftCardPage(TopMenuPage.java:66)
  com.nopcommerce.demo.pages.TopMenuPage.verifyGiftCardPage(TopMenuPage.java:66)
  com.nopcommerce.demo.pages.TopMenuPage.verifyGiftCardPage(TopMenuPage.java:66)
  com.nopcommerce.demo.pages.TopMenuPage.verifyGiftCardPage(TopMenuPage.java:66)
  com.nopcommerce.demo.pages.TopMenuPage.verifyGiftCardPage(TopMenuPage.java:66)
  com.nopcommerce.demo.pages.TopMenuPage.verifyGiftCardPage(TopMenuPage.java:66)
  com.nopcommerce.demo.pages.TopMenuPage.verifyGiftCardPage(TopMenuPage.java:66)
  com.nopcommerce.demo.pages.TopMenuPage.verifyGiftCardPage(TopMenuPage.java:66)
  com.nopcommerce.demo.pages.TopMenuPage.verifyGiftCardPage(TopMenuPage.java:66)
  com.nopcommerce.demo.pages.TopMenuPage.verifyGiftCardPage(TopMenuPage.java:66)
  com.nopcommerce.demo.pages.TopMenuPage.verifyGiftCardPage(TopMenuPage.java:66)
  com.nopcommerce.demo.pages.TopMenuPage.verifyGiftCardPage(TopMenuPage.java:66)
  com.nopcommerce.demo.pages.TopMenuPage.verifyGiftCardPage(TopMenuPage.java:66)
  com.nopcommerce.demo.pages.TopMenuPage.verifyGiftCardPage(TopMenuPage.java:66)
  com.nopcommerce.demo.pages.TopMenuPage.verifyGiftCardPage(TopMenuPage.java:66)
  com.nopcommerce.demo.pages.TopMenuPage.verifyGiftCardPage(TopMenuPage.java:66)
  com.nopcommerce.demo.pages.TopMenuPage.verifyGiftCardPage(TopMenuPage.java:66)
  com.nopcommerce.demo.pages.TopMenuPage.verifyGiftCardPage(TopMenuPage.java:66)
  com.nopcommerce.demo.pages.TopMenuPage.verifyGiftCardPage(TopMenuPage.java:66)
  com.nopcommerce.demo.pages.TopMenuPage.verifyGiftCardPage(TopMenuPage.java:66)
  com.nopcommerce.demo.pages.TopMenuPage.verifyGiftCardPage(TopMenuPage.java:66)
  com.nopcommerce.demo.pages.TopMenuPage.verifyGiftCardPage(TopMenuPage.java:66)
  com.nopcommerce.demo.pages.TopMenuPage.verifyGiftCardPage(TopMenuPage.java:66)
  com.nopcommerce.demo.pages.TopMenuPage.verifyGiftCardPage(TopMenuPage.java:66)
  com.nopcommerce.demo.pages.TopMenuPage.verifyGiftCardPage(TopMenuPage.java:66)
  com.nopcommerce.demo.pages.TopMenuPage.verifyGiftCardPage(TopMenuPage.java:66)
  com.nopcommerce.demo.pages.TopMenuPage.verifyGiftCardPage(TopMenuPage.java:66)
  com.nopcommerce.demo.pages.TopMenuPage.verifyGiftCardPage(TopMenuPage.java:66)
  com.nopcommerce.demo.pages.TopMenuPage.verifyGiftCardPage(TopMenuPage.java:66)
  com.nopcommerce.demo.pages.TopMenuPage.verifyGiftCardPage(TopMenuPage.java:66)
  com.nopcommerce.demo.pages.TopMenuPage.verifyGiftCardPage(TopMenuPage.java:66)
  com.nopcommerce.demo.pages.TopMenuPage.verifyGiftCardPage(TopMenuPage.java:66)
  com.nopcommerce.demo.pages.TopMenuPage.verifyGiftCardPage(TopMenuPage.java:66)
  com.nopcommerce.demo.pages.TopMenuPage.verifyGiftCardPage(TopMenuPage.java:66)
  com.nopcommerce.demo.pages.TopMenuPage.verifyGiftCardPage(TopMenuPage.java:66)
  com.nopcommerce.demo.pages.TopMenuPage.verifyGiftCardPage(TopMenuPage.java:66)
  com.nopcommerce.demo.pages.TopMenuPage.verifyGiftCardPage(TopMenuPage.java:66)
  com.nopcommerce.demo.pages.TopMenuPage.verifyGiftCardPage(TopMenuPage.java:66)
  com.nopcommerce.demo.pages.TopMenuPage.verifyGiftCardPage(TopMenuPage.java:66)
  com.nopcommerce.demo.pages.TopMenuPage.verifyGiftCardPage(TopMenuPage.java:66)
  com.nopcommerce.demo.pages.TopMenuPage.verifyGiftCardPage(TopMenuPage.java:66)
  com.nopcommerce.demo.pages.TopMenuPage.verifyGiftCardPage(TopMenuPage.java:66)
  com.nopcommerce.demo.pages.TopMenuPage.verifyGiftCardPage(TopMenuPage.java:66)
  com.nopcommerce.demo.pages.TopMenuPage.verifyGiftCardPage(TopMenuPage.java:66)
  com.nopcommerce.demo.pages.TopMenuPage.verifyGiftCardPage(TopMenuPage.java:66)
  com.nopcommerce.demo.pages.TopMenuPage.verifyGiftCardPage(TopMenuPage.java:66)
  com.nopcommerce.demo.pages.TopMenuPage.verifyGiftCardPage(TopMenuPage.java:66)
  com.nopcommerce.demo.pages.TopMenuPage.verifyGiftCardPage(TopMenuPage.java:66)
  com.nopcommerce.demo.pages.TopMenuPage.verifyGiftCardPage(TopMenuPage.java:66)
  com.nopcommerce.demo.pages.TopMenuPage.verifyGiftCardPage(TopMenuPage.java:66)
  com.nopcommerce.demo.pages.TopMenuPage.verifyGiftCardPage(TopMenuPage.java:66)
  com.nopcommerce.demo.pages.TopMenuPage.verifyGiftCardPage(TopMenuPage.java:66)
  com.nopcommerce.demo.pages.TopMenuPage.verifyGiftCardPage(TopMenuPage.java:66)
  com.nopcommerce.demo.pages.TopMenuPage.verifyGiftCardPage(TopMenuPage.java:66)
  com.nopcommerce.demo.pages.TopMenuPage.verifyGiftCardPage(TopMenuPage.java:66)
  com.nopcommerce.demo.pages.TopMenuPage.verifyGiftCardPage(TopMenuPage.java:66)
  com.nopcommerce.demo.pages.TopMenuPage.verifyGiftCardPage(TopMenuPage.java:66)
  com.nopcommerce.demo.pages.TopMenuPage.verifyGiftCardPage(TopMenuPage.java:66)
  com.nopcommerce.demo.pages.TopMenuPage.verifyGiftCardPage(TopMenuPage.java:66)
  com.nopcommerce.demo.pages.TopMenuPage.verifyGiftCardPage(TopMenuPage.java:66)
  com.nopcommerce.demo.pages.TopMenuPage.verifyGiftCardPage(TopMenuPage.java:66)
  com.nopcommerce.demo.pages.TopMenuPage.verifyGiftCardPage(TopMenuPage.java:66)
  com.nopcommerce.demo.pages.TopMenuPage.verifyGiftCardPage(TopMenuPage.java:66)
  com.nopcommerce.demo.pages.TopMenuPage.verifyGiftCardPage(TopMenuPage.java:66)
  com.nopcommerce.demo.pages.TopMenuPage.verifyGiftCardPage(TopMenuPage.java:66)
  com.nopcommerce.demo.pages.TopMenuPage.verifyGiftCardPage(TopMenuPage.java:66)
  com.nopcommerce.demo.pages.TopMenuPage.verifyGiftCardPage(TopMenuPage.java:66)
  com.nopcommerce.demo.pages.TopMenuPage.verifyGiftCardPage(TopMenuPage.java:66)
  com.nopcommerce.demo.pages.TopMenuPage.verifyGiftCardPage(TopMenuPage.java:66)
  com.nopcommerce.demo.pages.TopMenuPage.verifyGiftCardPage(TopMenuPage.java:66)
  com.nopcommerce.demo.pages.TopMenuPage.verifyGiftCardPage(TopMenuPage.java:66)
  com.nopcommerce.demo.pages.TopMenuPage.verifyGiftCardPage(TopMenuPage.java:66)
  com.nopcommerce.demo.pages.TopMenuPage.verifyGiftCardPage(TopMenuPage.java:66)
  com.nopcommerce.demo.pages.TopMenuPage.verifyGiftCardPage(TopMenuPage.java:66)
  com.nopcommerce.demo.pages.TopMenuPage.verifyGiftCardPage(TopMenuPage.java:66)
  com.nopcommerce.demo.pages.TopMenuPage.verifyGiftCardPage(TopMenuPage.java:66)
  com.nopcommerce.demo.pages.TopMenuPage.verifyGiftCardPage(TopMenuPage.java:66)
  com.nopcommerce.demo.pages.TopMenuPage.verifyGiftCardPage(TopMenuPage.java:66)
  com.nopcommerce.demo.pages.TopMenuPage.verifyGiftCardPage(TopMenuPage.java:66)
  com.nopcommerce.demo.pages.TopMenuPage.verifyGiftCardPage(TopMenuPage.java:66)
  com.nopcommerce.demo.pages.TopMenuPage.verifyGiftCardPage(TopMenuPage.java:66)
  com.nopcommerce.demo.pages.TopMenuPage.verifyGiftCardPage(TopMenuPage.java:66)
  com.nopcommerce.demo.pages.TopMenuPage.verifyGiftCardPage(TopMenuPage.java:66)
  com.nopcommerce.demo.pages.TopMenuPage.verifyGiftCardPage(TopMenuPage.java:66)
  com.nopcommerce.demo.pages.TopMenuPage.verifyGiftCardPage(TopMenuPage.java:66)
  com.nopcommerce.demo.pages.TopMenuPage.verifyGiftCardPage(TopMenuPage.java:66)
  com.nopcommerce.demo.pages.TopMenuPage.verifyGiftCardPage(TopMenuPage.java:66)
  com.nopcommerce.demo.pages.TopMenuPage.verifyGiftCardPage(TopMenuPage.java:66)
  com.nopcommerce.demo.pages.TopMenuPage.verifyGiftCardPage(TopMenuPage.java:66)
  com.nopcommerce.demo.pages.TopMenuPage.verifyGiftCardPage(TopMenuPage.java:66)
  com.nopcommerce.demo.pages.TopMenuPage.verifyGiftCardPage(TopMenuPage.java:66)
  com.nopcommerce.demo.pages.TopMenuPage.verifyGiftCardPage(TopMenuPage.java:66)
  com.nopcommerce.demo.pages.TopMenuPage.verifyGiftCardPage(TopMenuPage.java:66)
  com.nopcommerce.demo.pages.TopMenuPage.verifyGiftCardPage(TopMenuPage.java:66)
  com.nopcommerce.demo.pages.TopMenuPage.verifyGiftCardPage(TopMenuPage.java:66)
  com.nopcommerce.demo.pages.TopMenuPage.verifyGiftCardPage(TopMenuPage.java:66)
  com.nopcommerce.demo.pages.TopMenuPage.verifyGiftCardPage(TopMenuPage.java:66)
  com.nopcommerce.demo.pages.TopMenuPage.verifyGiftCardPage(TopMenuPage.java:66)
  com.nopcommerce.demo.pages.TopMenuPage.verifyGiftCardPage(TopMenuPage.java:66)
  com.nopcommerce.demo.pages.TopMenuPage.verifyGiftCardPage(TopMenuPage.java:66)
  com.nopcommerce.demo.pages.TopMenuPage.verifyGiftCardPage(TopMenuPage.java:66)
  com.nopcommerce.demo.pages.TopMenuPage.verifyGiftCardPage(TopMenuPage.java:66)
  com.nopcommerce.demo.pages.TopMenuPage.verifyGiftCardPage(TopMenuPage.java:66)
  com.nopcommerce.demo.pages.TopMenuPage.verifyGiftCardPage(TopMenuPage.java:66)
  com.nopcommerce.demo.pages.TopMenuPage.verifyGiftCardPage(TopMenuPage.java:66)
  com.nopcommerce.demo.pages.TopMenuPage.verifyGiftCardPage(TopMenuPage.java:66)
  com.nopcommerce.demo.pages.TopMenuPage.verifyGiftCardPage(TopMenuPage.java:66)
  com.nopcommerce.demo.pages.TopMenuPage.verifyGiftCardPage(TopMenuPage.java:66)
  com.nopcommerce.demo.pages.TopMenuPage.verifyGiftCardPage(TopMenuPage.java:66)
  com.nopcommerce.demo.pages.TopMenuPage.verifyGiftCardPage(TopMenuPage.java:66)
  com.nopcommerce.demo.pages.TopMenuPage.verifyGiftCardPage(TopMenuPage.java:66)
  com.nopcommerce.demo.pages.TopMenuPage.verifyGiftCardPage(TopMenuPage.java:66)
  com.nopcommerce.demo.pages.TopMenuPage.verifyGiftCardPage(TopMenuPage.java:66)
  com.nopcommerce.demo.pages.TopMenuPage.verifyGiftCardPage(TopMenuPage.java:66)
  com.nopcommerce.demo.pages.TopMenuPage.verifyGiftCardPage(TopMenuPage.java:66)
  com.nopcommerce.demo.pages.TopMenuPage.verifyGiftCardPage(TopMenuPage.java:66)
  com.nopcommerce.demo.pages.TopMenuPage.verifyGiftCardPage(TopMenuPage.java:66)
  com.nopcommerce.demo.pages.TopMenuPage.verifyGiftCardPage(TopMenuPage.java:66)
  com.nopcommerce.demo.pages.TopMenuPage.verifyGiftCardPage(TopMenuPage.java:66)
  com.nopcommerce.demo.pages.TopMenuPage.verifyGiftCardPage(TopMenuPage.java:66)
  com.nopcommerce.demo.pages.TopMenuPage.verifyGiftCardPage(TopMenuPage.java:66)
  com.nopcommerce.demo.pages.TopMenuPage.verifyGiftCardPage(TopMenuPage.java:66)
  com.nopcommerce.demo.pages.TopMenuPage.verifyGiftCardPage(TopMenuPage.java:66)
  com.nopcommerce.demo.pages.TopMenuPage.verifyGiftCardPage(TopMenuPage.java:66)
  com.nopcommerce.demo.pages.TopMenuPage.verifyGiftCardPage(TopMenuPage.java:66)
  com.nopcommerce.demo.pages.TopMenuPage.verifyGiftCardPage(TopMenuPage.java:66)
  com.nopcommerce.demo.pages.TopMenuPage.verifyGiftCardPage(TopMenuPage.java:66)
  com.nopcommerce.demo.pages.TopMenuPage.verifyGiftCardPage(TopMenuPage.java:66)
  com.nopcommerce.demo.pages.TopMenuPage.verifyGiftCardPage(TopMenuPage.java:66)
  com.nopcommerce.demo.pages.TopMenuPage.verifyGiftCardPage(TopMenuPage.java:66)
  com.nopcommerce.demo.pages.TopMenuPage.verifyGiftCardPage(TopMenuPage.java:66)
  com.nopcommerce.demo.pages.TopMenuPage.verifyGiftCardPage(TopMenuPage.java:66)
  com.nopcommerce.demo.pages.TopMenuPage.verifyGiftCardPage(TopMenuPage.java:66)
  com.nopcommerce.demo.pages.TopMenuPage.verifyGiftCardPage(TopMenuPage.java:66)
  com.nopcommerce.demo.pages.TopMenuPage.verifyGiftCardPage(TopMenuPage.java:66)
  com.nopcommerce.demo.pages.TopMenuPage.verifyGiftCardPage(TopMenuPage.java:66)
  com.nopcommerce.demo.pages.TopMenuPage.verifyGiftCardPage(TopMenuPage.java:66)
  com.nopcommerce.demo.pages.TopMenuPage.verifyGiftCardPage(TopMenuPage.java:66)
  com.nopcommerce.demo.pages.TopMenuPage.verifyGiftCardPage(TopMenuPage.java:66)
  com.nopcommerce.demo.pages.TopMenuPage.verifyGiftCardPage(TopMenuPage.java:66)
  com.nopcommerce.demo.pages.TopMenuPage.verifyGiftCardPage(TopMenuPage.java:66)
  com.nopcommerce.demo.pages.TopMenuPage.verifyGiftCardPage(TopMenuPage.java:66)
  com.nopcommerce.demo.pages.TopMenuPage.verifyGiftCardPage(TopMenuPage.java:66)
  com.nopcommerce.demo.pages.TopMenuPage.verifyGiftCardPage(TopMenuPage.java:66)
  com.nopcommerce.demo.pages.TopMenuPage.verifyGiftCardPage(TopMenuPage.java:66)
  com.nopcommerce.demo.pages.TopMenuPage.verifyGiftCardPage(TopMenuPage.java:66)
  com.nopcommerce.demo.pages.TopMenuPage.verifyGiftCardPage(TopMenuPage.java:66)
  com.nopcommerce.demo.pages.TopMenuPage.verifyGiftCardPage(TopMenuPage.java:66)
  com.nopcommerce.demo.pages.TopMenuPage.verifyGiftCardPage(TopMenuPage.java:66)
  com.nopcommerce.demo.pages.TopMenuPage.verifyGiftCardPage(TopMenuPage.java:66)
  com.nopcommerce.demo.pages.TopMenuPage.verifyGiftCardPage(TopMenuPage.java:66)
  com.nopcommerce.demo.pages.TopMenuPage.verifyGiftCardPage(TopMenuPage.java:66)
  com.nopcommerce.demo.pages.TopMenuPage.verifyGiftCardPage(TopMenuPage.java:66)
  com.nopcommerce.demo.pages.TopMenuPage.verifyGiftCardPage(TopMenuPage.java:66)
  com.nopcommerce.demo.pages.TopMenuPage.verifyGiftCardPage(TopMenuPage.java:66)
  com.nopcommerce.demo.pages.TopMenuPage.verifyGiftCardPage(TopMenuPage.java:66)
  com.nopcommerce.demo.pages.TopMenuPage.verifyGiftCardPage(TopMenuPage.java:66)
  com.nopcommerce.demo.pages.TopMenuPage.verifyGiftCardPage(TopMenuPage.java:66)
  com.nopcommerce.demo.pages.TopMenuPage.verifyGiftCardPage(TopMenuPage.java:66)
  com.nopcommerce.demo.pages.TopMenuPage.verifyGiftCardPage(TopMenuPage.java:66)
  com.nopcommerce.demo.pages.TopMenuPage.verifyGiftCardPage(TopMenuPage.java:66)
  com.nopcommerce.demo.pages.TopMenuPage.verifyGiftCardPage(TopMenuPage.java:66)
  com.nopcommerce.demo.pages.TopMenuPage.verifyGiftCardPage(TopMenuPage.java:66)
  com.nopcommerce.demo.pages.TopMenuPage.verifyGiftCardPage(TopMenuPage.java:66)
  com.nopcommerce.demo.pages.TopMenuPage.verifyGiftCardPage(TopMenuPage.java:66)
  com.nopcommerce.demo.pages.TopMenuPage.verifyGiftCardPage(TopMenuPage.java:66)
  com.nopcommerce.demo.pages.TopMenuPage.verifyGiftCardPage(TopMenuPage.java:66)
  com.nopcommerce.demo.pages.TopMenuPage.verifyGiftCardPage(TopMenuPage.java:66)
  com.nopcommerce.demo.pages.TopMenuPage.verifyGiftCardPage(TopMenuPage.java:66)
  com.nopcommerce.demo.pages.TopMenuPage.verifyGiftCardPage(TopMenuPage.java:66)
  com.nopcommerce.demo.pages.TopMenuPage.verifyGiftCardPage(TopMenuPage.java:66)
  com.nopcommerce.demo.pages.TopMenuPage.verifyGiftCardPage(TopMenuPage.java:66)
  com.nopcommerce.demo.pages.TopMenuPage.verifyGiftCardPage(TopMenuPage.java:66)
  com.nopcommerce.demo.pages.TopMenuPage.verifyGiftCardPage(TopMenuPage.java:66)
  com.nopcommerce.demo.pages.TopMenuPage.verifyGiftCardPage(TopMenuPage.java:66)
  com.nopcommerce.demo.pages.TopMenuPage.verifyGiftCardPage(TopMenuPage.java:66)
  com.nopcommerce.demo.pages.TopMenuPage.verifyGiftCardPage(TopMenuPage.java:66)
  com.nopcommerce.demo.pages.TopMenuPage.verifyGiftCardPage(TopMenuPage.java:66)
  com.nopcommerce.demo.pages.TopMenuPage.verifyGiftCardPage(TopMenuPage.java:66)
  com.nopcommerce.demo.pages.TopMenuPage.verifyGiftCardPage(TopMenuPage.java:66)
  com.nopcommerce.demo.pages.TopMenuPage.verifyGiftCardPage(TopMenuPage.java:66)
  com.nopcommerce.demo.pages.TopMenuPage.verifyGiftCardPage(TopMenuPage.java:66)
  com.nopcommerce.demo.pages.TopMenuPage.verifyGiftCardPage(TopMenuPage.java:66)
  com.nopcommerce.demo.pages.TopMenuPage.verifyGiftCardPage(TopMenuPage.java:66)
  com.nopcommerce.demo.pages.TopMenuPage.verifyGiftCardPage(TopMenuPage.java:66)
  com.nopcommerce.demo.pages.TopMenuPage.verifyGiftCardPage(TopMenuPage.java:66)
  com.nopcommerce.demo.pages.TopMenuPage.verifyGiftCardPage(TopMenuPage.java:66)
  com.nopcommerce.demo.pages.TopMenuPage.verifyGiftCardPage(TopMenuPage.java:66)
  com.nopcommerce.demo.pages.TopMenuPage.verifyGiftCardPage(TopMenuPage.java:66)
  com.nopcommerce.demo.pages.TopMenuPage.verifyGiftCardPage(TopMenuPage.java:66)
  com.nopcommerce.demo.pages.TopMenuPage.verifyGiftCardPage(TopMenuPage.java:66)
  com.nopcommerce.demo.pages.TopMenuPage.verifyGiftCardPage(TopMenuPage.java:66)
  com.nopcommerce.demo.pages.TopMenuPage.verifyGiftCardPage(TopMenuPage.java:66)
  com.nopcommerce.demo.pages.TopMenuPage.verifyGiftCardPage(TopMenuPage.java:66)
  com.nopcommerce.demo.pages.TopMenuPage.verifyGiftCardPage(TopMenuPage.java:66)
  com.nopcommerce.demo.pages.TopMenuPage.verifyGiftCardPage(TopMenuPage.java:66)
  com.nopcommerce.demo.pages.TopMenuPage.verifyGiftCardPage(TopMenuPage.java:66)
  com.nopcommerce.demo.pages.TopMenuPage.verifyGiftCardPage(TopMenuPage.java:66)
  com.nopcommerce.demo.pages.TopMenuPage.verifyGiftCardPage(TopMenuPage.java:66)
  com.nopcommerce.demo.pages.TopMenuPage.verifyGiftCardPage(TopMenuPage.java:66)
  com.nopcommerce.demo.pages.TopMenuPage.verifyGiftCardPage(TopMenuPage.java:66)
  com.nopcommerce.demo.pages.TopMenuPage.verifyGiftCardPage(TopMenuPage.java:66)
  com.nopcommerce.demo.pages.TopMenuPage.verifyGiftCardPage(TopMenuPage.java:66)
  com.nopcommerce.demo.pages.TopMenuPage.verifyGiftCardPage(TopMenuPage.java:66)
  com.nopcommerce.demo.pages.TopMenuPage.verifyGiftCardPage(TopMenuPage.java:66)
  com.nopcommerce.demo.pages.TopMenuPage.verifyGiftCardPage(TopMenuPage.java:66)
  com.nopcommerce.demo.pages.TopMenuPage.verifyGiftCardPage(TopMenuPage.java:66)
  com.nopcommerce.demo.pages.TopMenuPage.verifyGiftCardPage(TopMenuPage.java:66)
  com.nopcommerce.demo.pages.TopMenuPage.verifyGiftCardPage(TopMenuPage.java:66)
  com.nopcommerce.demo.pages.TopMenuPage.verifyGiftCardPage(TopMenuPage.java:66)
  com.nopcommerce.demo.pages.TopMenuPage.verifyGiftCardPage(TopMenuPage.java:66)
  com.nopcommerce.demo.pages.TopMenuPage.verifyGiftCardPage(TopMenuPage.java:66)
  com.nopcommerce.demo.pages.TopMenuPage.verifyGiftCardPage(TopMenuPage.java:66)
  com.nopcommerce.demo.pages.TopMenuPage.verifyGiftCardPage(TopMenuPage.java:66)
  com.nopcommerce.demo.pages.TopMenuPage.verifyGiftCardPage(TopMenuPage.java:66)
  com.nopcommerce.demo.pages.TopMenuPage.verifyGiftCardPage(TopMenuPage.java:66)
  com.nopcommerce.demo.pages.TopMenuPage.verifyGiftCardPage(TopMenuPage.java:66)
  com.nopcommerce.demo.pages.TopMenuPage.verifyGiftCardPage(TopMenuPage.java:66)
  com.nopcommerce.demo.pages.TopMenuPage.verifyGiftCardPage(TopMenuPage.java:66)
  com.nopcommerce.demo.pages.TopMenuPage.verifyGiftCardPage(TopMenuPage.java:66)
  com.nopcommerce.demo.pages.TopMenuPage.verifyGiftCardPage(TopMenuPage.java:66)
  com.nopcommerce.demo.pages.TopMenuPage.verifyGiftCardPage(TopMenuPage.java:66)
  com.nopcommerce.demo.pages.TopMenuPage.verifyGiftCardPage(TopMenuPage.java:66)
  com.nopcommerce.demo.pages.TopMenuPage.verifyGiftCardPage(TopMenuPage.java:66)
  com.nopcommerce.demo.pages.TopMenuPage.verifyGiftCardPage(TopMenuPage.java:66)
  com.nopcommerce.demo.pages.TopMenuPage.verifyGiftCardPage(TopMenuPage.java:66)
  com.nopcommerce.demo.pages.TopMenuPage.verifyGiftCardPage(TopMenuPage.java:66)
  com.nopcommerce.demo.pages.TopMenuPage.verifyGiftCardPage(TopMenuPage.java:66)
  com.nopcommerce.demo.pages.TopMenuPage.verifyGiftCardPage(TopMenuPage.java:66)
  com.nopcommerce.demo.pages.TopMenuPage.verifyGiftCardPage(TopMenuPage.java:66)
  com.nopcommerce.demo.pages.TopMenuPage.verifyGiftCardPage(TopMenuPage.java:66)
  com.nopcommerce.demo.pages.TopMenuPage.verifyGiftCardPage(TopMenuPage.java:66)
  com.nopcommerce.demo.pages.TopMenuPage.verifyGiftCardPage(TopMenuPage.java:66)
  com.nopcommerce.demo.pages.TopMenuPage.verifyGiftCardPage(TopMenuPage.java:66)
  com.nopcommerce.demo.pages.TopMenuPage.verifyGiftCardPage(TopMenuPage.java:66)
  com.nopcommerce.demo.pages.TopMenuPage.verifyGiftCardPage(TopMenuPage.java:66)
  com.nopcommerce.demo.pages.TopMenuPage.verifyGiftCardPage(TopMenuPage.java:66)
  com.nopcommerce.demo.pages.TopMenuPage.verifyGiftCardPage(TopMenuPage.java:66)
  com.nopcommerce.demo.pages.TopMenuPage.verifyGiftCardPage(TopMenuPage.java:66)
  com.nopcommerce.demo.pages.TopMenuPage.verifyGiftCardPage(TopMenuPage.java:66)
  com.nopcommerce.demo.pages.TopMenuPage.verifyGiftCardPage(TopMenuPage.java:66)
  com.nopcommerce.demo.pages.TopMenuPage.verifyGiftCardPage(TopMenuPage.java:66)
  com.nopcommerce.demo.pages.TopMenuPage.verifyGiftCardPage(TopMenuPage.java:66)
  com.nopcommerce.demo.pages.TopMenuPage.verifyGiftCardPage(TopMenuPage.java:66)
  com.nopcommerce.demo.pages.TopMenuPage.verifyGiftCardPage(TopMenuPage.java:66)
  com.nopcommerce.demo.pages.TopMenuPage.verifyGiftCardPage(TopMenuPage.java:66)
  com.nopcommerce.demo.pages.TopMenuPage.verifyGiftCardPage(TopMenuPage.java:66)
  com.nopcommerce.demo.pages.TopMenuPage.verifyGiftCardPage(TopMenuPage.java:66)
  com.nopcommerce.demo.pages.TopMenuPage.verifyGiftCardPage(TopMenuPage.java:66)
  com.nopcommerce.demo.pages.TopMenuPage.verifyGiftCardPage(TopMenuPage.java:66)
  com.nopcommerce.demo.pages.TopMenuPage.verifyGiftCardPage(TopMenuPage.java:66)
  com.nopcommerce.demo.pages.TopMenuPage.verifyGiftCardPage(TopMenuPage.java:66)
  com.nopcommerce.demo.pages.TopMenuPage.verifyGiftCardPage(TopMenuPage.java:66)
  com.nopcommerce.demo.pages.TopMenuPage.verifyGiftCardPage(TopMenuPage.java:66)
  com.nopcommerce.demo.pages.TopMenuPage.verifyGiftCardPage(TopMenuPage.java:66)
  com.nopcommerce.demo.pages.TopMenuPage.verifyGiftCardPage(TopMenuPage.java:66)
  com.nopcommerce.demo.pages.TopMenuPage.verifyGiftCardPage(TopMenuPage.java:66)
  com.nopcommerce.demo.pages.TopMenuPage.verifyGiftCardPage(TopMenuPage.java:66)
  com.nopcommerce.demo.pages.TopMenuPage.verifyGiftCardPage(TopMenuPage.java:66)
  com.nopcommerce.demo.pages.TopMenuPage.verifyGiftCardPage(TopMenuPage.java:66)
  com.nopcommerce.demo.pages.TopMenuPage.verifyGiftCardPage(TopMenuPage.java:66)
  com.nopcommerce.demo.pages.TopMenuPage.verifyGiftCardPage(TopMenuPage.java:66)
  com.nopcommerce.demo.pages.TopMenuPage.verifyGiftCardPage(TopMenuPage.java:66)
  com.nopcommerce.demo.pages.TopMenuPage.verifyGiftCardPage(TopMenuPage.java:66)
  com.nopcommerce.demo.pages.TopMenuPage.verifyGiftCardPage(TopMenuPage.java:66)
  com.nopcommerce.demo.pages.TopMenuPage.verifyGiftCardPage(TopMenuPage.java:66)
  com.nopcommerce.demo.pages.TopMenuPage.verifyGiftCardPage(TopMenuPage.java:66)
  com.nopcommerce.demo.pages.TopMenuPage.verifyGiftCardPage(TopMenuPage.java:66)
  com.nopcommerce.demo.pages.TopMenuPage.verifyGiftCardPage(TopMenuPage.java:66)
  com.nopcommerce.demo.pages.TopMenuPage.verifyGiftCardPage(TopMenuPage.java:66)
  com.nopcommerce.demo.pages.TopMenuPage.verifyGiftCardPage(TopMenuPage.java:66)
  com.nopcommerce.demo.pages.TopMenuPage.verifyGiftCardPage(TopMenuPage.java:66)
  com.nopcommerce.demo.pages.TopMenuPage.verifyGiftCardPage(TopMenuPage.java:66)
  com.nopcommerce.demo.pages.TopMenuPage.verifyGiftCardPage(TopMenuPage.java:66)
  com.nopcommerce.demo.pages.TopMenuPage.verifyGiftCardPage(TopMenuPage.java:66)
  com.nopcommerce.demo.pages.TopMenuPage.verifyGiftCardPage(TopMenuPage.java:66)
  com.nopcommerce.demo.pages.TopMenuPage.verifyGiftCardPage(TopMenuPage.java:66)
  com.nopcommerce.demo.pages.TopMenuPage.verifyGiftCardPage(TopMenuPage.java:66)
  com.nopcommerce.demo.pages.TopMenuPage.verifyGiftCardPage(TopMenuPage.java:66)
  com.nopcommerce.demo.pages.TopMenuPage.verifyGiftCardPage(TopMenuPage.java:66)
  com.nopcommerce.demo.pages.TopMenuPage.verifyGiftCardPage(TopMenuPage.java:66)
  com.nopcommerce.demo.pages.TopMenuPage.verifyGiftCardPage(TopMenuPage.java:66)
  com.nopcommerce.demo.pages.TopMenuPage.verifyGiftCardPage(TopMenuPage.java:66)
  com.nopcommerce.demo.pages.TopMenuPage.verifyGiftCardPage(TopMenuPage.java:66)
  com.nopcommerce.demo.pages.TopMenuPage.verifyGiftCardPage(TopMenuPage.java:66)
  com.nopcommerce.demo.pages.TopMenuPage.verifyGiftCardPage(TopMenuPage.java:66)
  com.nopcommerce.demo.pages.TopMenuPage.verifyGiftCardPage(TopMenuPage.java:66)
  com.nopcommerce.demo.pages.TopMenuPage.verifyGiftCardPage(TopMenuPage.java:66)
  com.nopcommerce.demo.pages.TopMenuPage.verifyGiftCardPage(TopMenuPage.java:66)
  com.nopcommerce.demo.pages.TopMenuPage.verifyGiftCardPage(TopMenuPage.java:66)
  com.nopcommerce.demo.pages.TopMenuPage.verifyGiftCardPage(TopMenuPage.java:66)
  com.nopcommerce.demo.pages.TopMenuPage.verifyGiftCardPage(TopMenuPage.java:66)
  com.nopcommerce.demo.pages.TopMenuPage.verifyGiftCardPage(TopMenuPage.java:66)
  com.nopcommerce.demo.pages.TopMenuPage.verifyGiftCardPage(TopMenuPage.java:66)
  com.nopcommerce.demo.pages.TopMenuPage.verifyGiftCardPage(TopMenuPage.java:66)
  com.nopcommerce.demo.pages.TopMenuPage.verifyGiftCardPage(TopMenuPage.java:66)
  com.nopcommerce.demo.pages.TopMenuPage.verifyGiftCardPage(TopMenuPage.java:66)
  com.nopcommerce.demo.pages.TopMenuPage.verifyGiftCardPage(TopMenuPage.java:66)
  com.nopcommerce.demo.pages.TopMenuPage.verifyGiftCardPage(TopMenuPage.java:66)
  com.nopcommerce.demo.pages.TopMenuPage.verifyGiftCardPage(TopMenuPage.java:66)
  com.nopcommerce.demo.pages.TopMenuPage.verifyGiftCardPage(TopMenuPage.java:66)
  com.nopcommerce.demo.pages.TopMenuPage.verifyGiftCardPage(TopMenuPage.java:66)
  com.nopcommerce.demo.pages.TopMenuPage.verifyGiftCardPage(TopMenuPage.java:66)
  com.nopcommerce.demo.pages.TopMenuPage.verifyGiftCardPage(TopMenuPage.java:66)
  com.nopcommerce.demo.pages.TopMenuPage.verifyGiftCardPage(TopMenuPage.java:66)
  com.nopcommerce.demo.pages.TopMenuPage.verifyGiftCardPage(TopMenuPage.java:66)
  com.nopcommerce.demo.pages.TopMenuPage.verifyGiftCardPage(TopMenuPage.java:66)
  com.nopcommerce.demo.pages.TopMenuPage.verifyGiftCardPage(TopMenuPage.java:66)
  com.nopcommerce.demo.pages.TopMenuPage.verifyGiftCardPage(TopMenuPage.java:66)
  com.nopcommerce.demo.pages.TopMenuPage.verifyGiftCardPage(TopMenuPage.java:66)
  com.nopcommerce.demo.pages.TopMenuPage.verifyGiftCardPage(TopMenuPage.java:66)
  com.nopcommerce.demo.pages.TopMenuPage.verifyGiftCardPage(TopMenuPage.java:66)
  com.nopcommerce.demo.pages.TopMenuPage.verifyGiftCardPage(TopMenuPage.java:66)
  com.nopcommerce.demo.pages.TopMenuPage.verifyGiftCardPage(TopMenuPage.java:66)
  com.nopcommerce.demo.pages.TopMenuPage.verifyGiftCardPage(TopMenuPage.java:66)
  com.nopcommerce.demo.pages.TopMenuPage.verifyGiftCardPage(TopMenuPage.java:66)
  com.nopcommerce.demo.pages.TopMenuPage.verifyGiftCardPage(TopMenuPage.java:66)
  com.nopcommerce.demo.pages.TopMenuPage.verifyGiftCardPage(TopMenuPage.java:66)
  com.nopcommerce.demo.pages.TopMenuPage.verifyGiftCardPage(TopMenuPage.java:66)
  com.nopcommerce.demo.pages.TopMenuPage.verifyGiftCardPage(TopMenuPage.java:66)
  com.nopcommerce.demo.pages.TopMenuPage.verifyGiftCardPage(TopMenuPage.java:66)
  com.nopcommerce.demo.pages.TopMenuPage.verifyGiftCardPage(TopMenuPage.java:66)
  com.nopcommerce.demo.pages.TopMenuPage.verifyGiftCardPage(TopMenuPage.java:66)
  com.nopcommerce.demo.pages.TopMenuPage.verifyGiftCardPage(TopMenuPage.java:66)
  com.nopcommerce.demo.pages.TopMenuPage.verifyGiftCardPage(TopMenuPage.java:66)
  com.nopcommerce.demo.pages.TopMenuPage.verifyGiftCardPage(TopMenuPage.java:66)
  com.nopcommerce.demo.pages.TopMenuPage.verifyGiftCardPage(TopMenuPage.java:66)
  com.nopcommerce.demo.pages.TopMenuPage.verifyGiftCardPage(TopMenuPage.java:66)
  com.nopcommerce.demo.pages.TopMenuPage.verifyGiftCardPage(TopMenuPage.java:66)
  com.nopcommerce.demo.pages.TopMenuPage.verifyGiftCardPage(TopMenuPage.java:66)
  com.nopcommerce.demo.pages.TopMenuPage.verifyGiftCardPage(TopMenuPage.java:66)
  com.nopcommerce.demo.pages.TopMenuPage.verifyGiftCardPage(TopMenuPage.java:66)
  com.nopcommerce.demo.pages.TopMenuPage.verifyGiftCardPage(TopMenuPage.java:66)
  com.nopcommerce.demo.pages.TopMenuPage.verifyGiftCardPage(TopMenuPage.java:66)
  com.nopcommerce.demo.pages.TopMenuPage.verifyGiftCardPage(TopMenuPage.java:66)
  com.nopcommerce.demo.pages.TopMenuPage.verifyGiftCardPage(TopMenuPage.java:66)
  com.nopcommerce.demo.pages.TopMenuPage.verifyGiftCardPage(TopMenuPage.java:66)
  com.nopcommerce.demo.pages.TopMenuPage.verifyGiftCardPage(TopMenuPage.java:66)
  com.nopcommerce.demo.pages.TopMenuPage.verifyGiftCardPage(TopMenuPage.java:66)
  com.nopcommerce.demo.pages.TopMenuPage.verifyGiftCardPage(TopMenuPage.java:66)
  com.nopcommerce.demo.pages.TopMenuPage.verifyGiftCardPage(TopMenuPage.java:66)
  com.nopcommerce.demo.pages.TopMenuPage.verifyGiftCardPage(TopMenuPage.java:66)
  com.nopcommerce.demo.pages.TopMenuPage.verifyGiftCardPage(TopMenuPage.java:66)
  com.nopcommerce.demo.pages.TopMenuPage.verifyGiftCardPage(TopMenuPage.java:66)
  com.nopcommerce.demo.pages.TopMenuPage.verifyGiftCardPage(TopMenuPage.java:66)
  com.nopcommerce.demo.pages.TopMenuPage.verifyGiftCardPage(TopMenuPage.java:66)
  com.nopcommerce.demo.pages.TopMenuPage.verifyGiftCardPage(TopMenuPage.java:66)
  com.nopcommerce.demo.pages.TopMenuPage.verifyGiftCardPage(TopMenuPage.java:66)
  com.nopcommerce.demo.pages.TopMenuPage.verifyGiftCardPage(TopMenuPage.java:66)
  com.nopcommerce.demo.pages.TopMenuPage.verifyGiftCardPage(TopMenuPage.java:66)
  com.nopcommerce.demo.pages.TopMenuPage.verifyGiftCardPage(TopMenuPage.java:66)
  com.nopcommerce.demo.pages.TopMenuPage.verifyGiftCardPage(TopMenuPage.java:66)
  com.nopcommerce.demo.pages.TopMenuPage.verifyGiftCardPage(TopMenuPage.java:66)
  com.nopcommerce.demo.pages.TopMenuPage.verifyGiftCardPage(TopMenuPage.java:66)
  com.nopcommerce.demo.pages.TopMenuPage.verifyGiftCardPage(TopMenuPage.java:66)
  com.nopcommerce.demo.pages.TopMenuPage.verifyGiftCardPage(TopMenuPage.java:66)
  com.nopcommerce.demo.pages.TopMenuPage.verifyGiftCardPage(TopMenuPage.java:66)
  com.nopcommerce.demo.pages.TopMenuPage.verifyGiftCardPage(TopMenuPage.java:66)
  com.nopcommerce.demo.pages.TopMenuPage.verifyGiftCardPage(TopMenuPage.java:66)
  com.nopcommerce.demo.pages.TopMenuPage.verifyGiftCardPage(TopMenuPage.java:66)
  com.nopcommerce.demo.pages.TopMenuPage.verifyGiftCardPage(TopMenuPage.java:66)
  com.nopcommerce.demo.pages.TopMenuPage.verifyGiftCardPage(TopMenuPage.java:66)
  com.nopcommerce.demo.pages.TopMenuPage.verifyGiftCardPage(TopMenuPage.java:66)
  com.nopcommerce.demo.pages.TopMenuPage.verifyGiftCardPage(TopMenuPage.java:66)
  com.nopcommerce.demo.pages.TopMenuPage.verifyGiftCardPage(TopMenuPage.java:66)
  com.nopcommerce.demo.pages.TopMenuPage.verifyGiftCardPage(TopMenuPage.java:66)
  com.nopcommerce.demo.pages.TopMenuPage.verifyGiftCardPage(TopMenuPage.java:66)
  com.nopcommerce.demo.pages.TopMenuPage.verifyGiftCardPage(TopMenuPage.java:66)
  com.nopcommerce.demo.pages.TopMenuPage.verifyGiftCardPage(TopMenuPage.java:66)
  com.nopcommerce.demo.pages.TopMenuPage.verifyGiftCardPage(TopMenuPage.java:66)
  com.nopcommerce.demo.pages.TopMenuPage.verifyGiftCardPage(TopMenuPage.java:66)
  com.nopcommerce.demo.pages.TopMenuPage.verifyGiftCardPage(TopMenuPage.java:66)
  com.nopcommerce.demo.pages.TopMenuPage.verifyGiftCardPage(TopMenuPage.java:66)
  com.nopcommerce.demo.pages.TopMenuPage.verifyGiftCardPage(TopMenuPage.java:66)
  com.nopcommerce.demo.pages.TopMenuPage.verifyGiftCardPage(TopMenuPage.java:66)
  com.nopcommerce.demo.pages.TopMenuPage.verifyGiftCardPage(TopMenuPage.java:66)
  com.nopcommerce.demo.pages.TopMenuPage.verifyGiftCardPage(TopMenuPage.java:66)
  com.nopcommerce.demo.pages.TopMenuPage.verifyGiftCardPage(TopMenuPage.java:66)
  com.nopcommerce.demo.pages.TopMenuPage.verifyGiftCardPage(TopMenuPage.java:66)
  com.nopcommerce.demo.pages.TopMenuPage.verifyGiftCardPage(TopMenuPage.java:66)
  com.nopcommerce.demo.pages.TopMenuPage.verifyGiftCardPage(TopMenuPage.java:66)
  com.nopcommerce.demo.pages.TopMenuPage.verifyGiftCardPage(TopMenuPage.java:66)
  com.nopcommerce.demo.pages.TopMenuPage.verifyGiftCardPage(TopMenuPage.java:66)
  com.nopcommerce.demo.pages.TopMenuPage.verifyGiftCardPage(TopMenuPage.java:66)
  com.nopcommerce.demo.pages.TopMenuPage.verifyGiftCardPage(TopMenuPage.java:66)
  com.nopcommerce.demo.pages.TopMenuPage.verifyGiftCardPage(TopMenuPage.java:66)
  com.nopcommerce.demo.pages.TopMenuPage.verifyGiftCardPage(TopMenuPage.java:66)
  com.nopcommerce.demo.pages.TopMenuPage.verifyGiftCardPage(TopMenuPage.java:66)
  com.nopcommerce.demo.pages.TopMenuPage.verifyGiftCardPage(TopMenuPage.java:66)
  com.nopcommerce.demo.pages.TopMenuPage.verifyGiftCardPage(TopMenuPage.java:66)
  com.nopcommerce.demo.pages.TopMenuPage.verifyGiftCardPage(TopMenuPage.java:66)
  com.nopcommerce.demo.pages.TopMenuPage.verifyGiftCardPage(TopMenuPage.java:66)
  com.nopcommerce.demo.pages.TopMenuPage.verifyGiftCardPage(TopMenuPage.java:66)
  com.nopcommerce.demo.pages.TopMenuPage.verifyGiftCardPage(TopMenuPage.java:66)
  com.nopcommerce.demo.pages.TopMenuPage.verifyGiftCardPage(TopMenuPage.java:66)
  com.nopcommerce.demo.pages.TopMenuPage.verifyGiftCardPage(TopMenuPage.java:66)
  com.nopcommerce.demo.pages.TopMenuPage.verifyGiftCardPage(TopMenuPage.java:66)
  com.nopcommerce.demo.pages.TopMenuPage.verifyGiftCardPage(TopMenuPage.java:66)
  com.nopcommerce.demo.pages.TopMenuPage.verifyGiftCardPage(TopMenuPage.java:66)
  com.nopcommerce.demo.pages.TopMenuPage.verifyGiftCardPage(TopMenuPage.java:66)
  com.nopcommerce.demo.pages.TopMenuPage.verifyGiftCardPage(TopMenuPage.java:66)
  com.nopcommerce.demo.pages.TopMenuPage.verifyGiftCardPage(TopMenuPage.java:66)
  com.nopcommerce.demo.pages.TopMenuPage.verifyGiftCardPage(TopMenuPage.java:66)
  com.nopcommerce.demo.pages.TopMenuPage.verifyGiftCardPage(TopMenuPage.java:66)
  com.nopcommerce.demo.pages.TopMenuPage.verifyGiftCardPage(TopMenuPage.java:66)
  com.nopcommerce.demo.pages.TopMenuPage.verifyGiftCardPage(TopMenuPage.java:66)
  com.nopcommerce.demo.pages.TopMenuPage.verifyGiftCardPage(TopMenuPage.java:66)
  com.nopcommerce.demo.pages.TopMenuPage.verifyGiftCardPage(TopMenuPage.java:66)
  com.nopcommerce.demo.pages.TopMenuPage.verifyGiftCardPage(TopMenuPage.java:66)
  com.nopcommerce.demo.pages.TopMenuPage.verifyGiftCardPage(TopMenuPage.java:66)
  com.nopcommerce.demo.pages.TopMenuPage.verifyGiftCardPage(TopMenuPage.java:66)
  com.nopcommerce.demo.pages.TopMenuPage.verifyGiftCardPage(TopMenuPage.java:66)
  com.nopcommerce.demo.pages.TopMenuPage.verifyGiftCardPage(TopMenuPage.java:66)
  com.nopcommerce.demo.pages.TopMenuPage.verifyGiftCardPage(TopMenuPage.java:66)
  com.nopcommerce.demo.pages.TopMenuPage.verifyGiftCardPage(TopMenuPage.java:66)
  com.nopcommerce.demo.pages.TopMenuPage.verifyGiftCardPage(TopMenuPage.java:66)
  com.nopcommerce.demo.pages.TopMenuPage.verifyGiftCardPage(TopMenuPage.java:66)
  com.nopcommerce.demo.pages.TopMenuPage.verifyGiftCardPage(TopMenuPage.java:66)
  com.nopcommerce.demo.pages.TopMenuPage.verifyGiftCardPage(TopMenuPage.java:66)
  com.nopcommerce.demo.pages.TopMenuPage.verifyGiftCardPage(TopMenuPage.java:66)
  com.nopcommerce.demo.pages.TopMenuPage.verifyGiftCardPage(TopMenuPage.java:66)
  com.nopcommerce.demo.pages.TopMenuPage.verifyGiftCardPage(TopMenuPage.java:66)
  com.nopcommerce.demo.pages.TopMenuPage.verifyGiftCardPage(TopMenuPage.java:66)
  com.nopcommerce.demo.pages.TopMenuPage.verifyGiftCardPage(TopMenuPage.java:66)
  com.nopcommerce.demo.pages.TopMenuPage.verifyGiftCardPage(TopMenuPage.java:66)
  com.nopcommerce.demo.pages.TopMenuPage.verifyGiftCardPage(TopMenuPage.java:66)
  com.nopcommerce.demo.pages.TopMenuPage.verifyGiftCardPage(TopMenuPage.java:66)
  com.nopcommerce.demo.pages.TopMenuPage.verifyGiftCardPage(TopMenuPage.java:66)
  com.nopcommerce.demo.pages.TopMenuPage.verifyGiftCardPage(TopMenuPage.java:66)
  com.nopcommerce.demo.pages.TopMenuPage.verifyGiftCardPage(TopMenuPage.java:66)
  com.nopcommerce.demo.pages.TopMenuPage.verifyGiftCardPage(TopMenuPage.java:66)
  com.nopcommerce.demo.pages.TopMenuPage.verifyGiftCardPage(TopMenuPage.java:66)
  com.nopcommerce.demo.pages.TopMenuPage.verifyGiftCardPage(TopMenuPage.java:66)
  com.nopcommerce.demo.pages.TopMenuPage.verifyGiftCardPage(TopMenuPage.java:66)
  com.nopcommerce.demo.pages.TopMenuPage.verifyGiftCardPage(TopMenuPage.java:66)
  com.nopcommerce.demo.pages.TopMenuPage.verifyGiftCardPage(TopMenuPage.java:66)
  com.nopcommerce.demo.pages.TopMenuPage.verifyGiftCardPage(TopMenuPage.java:66)
  com.nopcommerce.demo.pages.TopMenuPage.verifyGiftCardPage(TopMenuPage.java:66)
  com.nopcommerce.demo.pages.TopMenuPage.verifyGiftCardPage(TopMenuPage.java:66)
  com.nopcommerce.demo.pages.TopMenuPage.verifyGiftCardPage(TopMenuPage.java:66)
  com.nopcommerce.demo.pages.TopMenuPage.verifyGiftCardPage(TopMenuPage.java:66)
  com.nopcommerce.demo.pages.TopMenuPage.verifyGiftCardPage(TopMenuPage.java:66)
  com.nopcommerce.demo.pages.TopMenuPage.verifyGiftCardPage(TopMenuPage.java:66)
  com.nopcommerce.demo.pages.TopMenuPage.verifyGiftCardPage(TopMenuPage.java:66)
  com.nopcommerce.demo.pages.TopMenuPage.verifyGiftCardPage(TopMenuPage.java:66)
  com.nopcommerce.demo.pages.TopMenuPage.verifyGiftCardPage(TopMenuPage.java:66)
  com.nopcommerce.demo.pages.TopMenuPage.verifyGiftCardPage(TopMenuPage.java:66)
  com.nopcommerce.demo.pages.TopMenuPage.verifyGiftCardPage(TopMenuPage.java:66)
  com.nopcommerce.demo.pages.TopMenuPage.verifyGiftCardPage(TopMenuPage.java:66)
  com.nopcommerce.demo.pages.TopMenuPage.verifyGiftCardPage(TopMenuPage.java:66)
  com.nopcommerce.demo.pages.TopMenuPage.verifyGiftCardPage(TopMenuPage.java:66)
  com.nopcommerce.demo.pages.TopMenuPage.verifyGiftCardPage(TopMenuPage.java:66)
  com.nopcommerce.demo.pages.TopMenuPage.verifyGiftCardPage(TopMenuPage.java:66)
  com.nopcommerce.demo.pages.TopMenuPage.verifyGiftCardPage(TopMenuPage.java:66)
  com.nopcommerce.demo.pages.TopMenuPage.verifyGiftCardPage(TopMenuPage.java:66)
  com.nopcommerce.demo.pages.TopMenuPage.verifyGiftCardPage(TopMenuPage.java:66)
  com.nopcommerce.demo.pages.TopMenuPage.verifyGiftCardPage(TopMenuPage.java:66)
  com.nopcommerce.demo.pages.TopMenuPage.verifyGiftCardPage(TopMenuPage.java:66)
  com.nopcommerce.demo.pages.TopMenuPage.verifyGiftCardPage(TopMenuPage.java:66)
  com.nopcommerce.demo.pages.TopMenuPage.verifyGiftCardPage(TopMenuPage.java:66)
  com.nopcommerce.demo.pages.TopMenuPage.verifyGiftCardPage(TopMenuPage.java:66)
  com.nopcommerce.demo.pages.TopMenuPage.verifyGiftCardPage(TopMenuPage.java:66)
  com.nopcommerce.demo.pages.TopMenuPage.verifyGiftCardPage(TopMenuPage.java:66)
  com.nopcommerce.demo.pages.TopMenuPage.verifyGiftCardPage(TopMenuPage.java:66)
  com.nopcommerce.demo.pages.TopMenuPage.verifyGiftCardPage(TopMenuPage.java:66)
  com.nopcommerce.demo.pages.TopMenuPage.verifyGiftCardPage(TopMenuPage.java:66)
  com.nopcommerce.demo.pages.TopMenuPage.verifyGiftCardPage(TopMenuPage.java:66)
  com.nopcommerce.demo.pages.TopMenuPage.verifyGiftCardPage(TopMenuPage.java:66)
  com.nopcommerce.demo.pages.TopMenuPage.verifyGiftCardPage(TopMenuPage.java:66)
  com.nopcommerce.demo.pages.TopMenuPage.verifyGiftCardPage(TopMenuPage.java:66)
  com.nopcommerce.demo.pages.TopMenuPage.verifyGiftCardPage(TopMenuPage.java:66)
  com.nopcommerce.demo.pages.TopMenuPage.verifyGiftCardPage(TopMenuPage.java:66)
  com.nopcommerce.demo.pages.TopMenuPage.verifyGiftCardPage(TopMenuPage.java:66)
  com.nopcommerce.demo.pages.TopMenuPage.verifyGiftCardPage(TopMenuPage.java:66)
  com.nopcommerce.demo.pages.TopMenuPage.verifyGiftCardPage(TopMenuPage.java:66)
  com.nopcommerce.demo.pages.TopMenuPage.verifyGiftCardPage(TopMenuPage.java:66)
  com.nopcommerce.demo.pages.TopMenuPage.verifyGiftCardPage(TopMenuPage.java:66)
  com.nopcommerce.demo.pages.TopMenuPage.verifyGiftCardPage(TopMenuPage.java:66)
  com.nopcommerce.demo.pages.TopMenuPage.verifyGiftCardPage(TopMenuPage.java:66)
  com.nopcommerce.demo.pages.TopMenuPage.verifyGiftCardPage(TopMenuPage.java:66)
  com.nopcommerce.demo.pages.TopMenuPage.verifyGiftCardPage(TopMenuPage.java:66)
  com.nopcommerce.demo.pages.TopMenuPage.verifyGiftCardPage(TopMenuPage.java:66)
  com.nopcommerce.demo.pages.TopMenuPage.verifyGiftCardPage(TopMenuPage.java:66)
  com.nopcommerce.demo.pages.TopMenuPage.verifyGiftCardPage(TopMenuPage.java:66)
  com.nopcommerce.demo.pages.TopMenuPage.verifyGiftCardPage(TopMenuPage.java:66)
  com.nopcommerce.demo.pages.TopMenuPage.verifyGiftCardPage(TopMenuPage.java:66)
  com.nopcommerce.demo.pages.TopMenuPage.verifyGiftCardPage(TopMenuPage.java:66)
  com.nopcommerce.demo.pages.TopMenuPage.verifyGiftCardPage(TopMenuPage.java:66)
  com.nopcommerce.demo.pages.TopMenuPage.verifyGiftCardPage(TopMenuPage.java:66)
  com.nopcommerce.demo.pages.TopMenuPage.verifyGiftCardPage(TopMenuPage.java:66)
  com.nopcommerce.demo.pages.TopMenuPage.verifyGiftCardPage(TopMenuPage.java:66)
  com.nopcommerce.demo.pages.TopMenuPage.verifyGiftCardPage(TopMenuPage.java:66)
  com.nopcommerce.demo.pages.TopMenuPage.verifyGiftCardPage(TopMenuPage.java:66)
  com.nopcommerce.demo.pages.TopMenuPage.verifyGiftCardPage(TopMenuPage.java:66)
  com.nopcommerce.demo.pages.TopMenuPage.verifyGiftCardPage(TopMenuPage.java:66)
  com.nopcommerce.demo.pages.TopMenuPage.verifyGiftCardPage(TopMenuPage.java:66)
  com.nopcommerce.demo.pages.TopMenuPage.verifyGiftCardPage(TopMenuPage.java:66)
  com.nopcommerce.demo.pages.TopMenuPage.verifyGiftCardPage(TopMenuPage.java:66)
  com.nopcommerce.demo.pages.TopMenuPage.verifyGiftCardPage(TopMenuPage.java:66)
  com.nopcommerce.demo.pages.TopMenuPage.verifyGiftCardPage(TopMenuPage.java:66)
  com.nopcommerce.demo.pages.TopMenuPage.verifyGiftCardPage(TopMenuPage.java:66)
  com.nopcommerce.demo.pages.TopMenuPage.verifyGiftCardPage(TopMenuPage.java:66)
  com.nopcommerce.demo.pages.TopMenuPage.verifyGiftCardPage(TopMenuPage.java:66)
  com.nopcommerce.demo.pages.TopMenuPage.verifyGiftCardPage(TopMenuPage.java:66)
  com.nopcommerce.demo.pages.TopMenuPage.verifyGiftCardPage(TopMenuPage.java:66)
  com.nopcommerce.demo.pages.TopMenuPage.verifyGiftCardPage(TopMenuPage.java:66)
  com.nopcommerce.demo.pages.TopMenuPage.verifyGiftCardPage(TopMenuPage.java:66)
  com.nopcommerce.demo.pages.TopMenuPage.verifyGiftCardPage(TopMenuPage.java:66)
  com.nopcommerce.demo.pages.TopMenuPage.verifyGiftCardPage(TopMenuPage.java:66)
  com.nopcommerce.demo.pages.TopMenuPage.verifyGiftCardPage(TopMenuPage.java:66)
  com.nopcommerce.demo.pages.TopMenuPage.verifyGiftCardPage(TopMenuPage.java:66)
  com.nopcommerce.demo.pages.TopMenuPage.verifyGiftCardPage(TopMenuPage.java:66)
  com.nopcommerce.demo.pages.TopMenuPage.verifyGiftCardPage(TopMenuPage.java:66)
  com.nopcommerce.demo.pages.TopMenuPage.verifyGiftCardPage(TopMenuPage.java:66)
  com.nopcommerce.demo.pages.TopMenuPage.verifyGiftCardPage(TopMenuPage.java:66)
  com.nopcommerce.demo.pages.TopMenuPage.verifyGiftCardPage(TopMenuPage.java:66)
  com.nopcommerce.demo.pages.TopMenuPage.verifyGiftCardPage(TopMenuPage.java:66)
  com.nopcommerce.demo.pages.TopMenuPage.verifyGiftCardPage(TopMenuPage.java:66)
  com.nopcommerce.demo.pages.TopMenuPage.verifyGiftCardPage(TopMenuPage.java:66)
  com.nopcommerce.demo.pages.TopMenuPage.verifyGiftCardPage(TopMenuPage.java:66)
  com.nopcommerce.demo.pages.TopMenuPage.verifyGiftCardPage(TopMenuPage.java:66)
  com.nopcommerce.demo.pages.TopMenuPage.verifyGiftCardPage(TopMenuPage.java:66)
  com.nopcommerce.demo.pages.TopMenuPage.verifyGiftCardPage(TopMenuPage.java:66)
  com.nopcommerce.demo.pages.TopMenuPage.verifyGiftCardPage(TopMenuPage.java:66)
  com.nopcommerce.demo.pages.TopMenuPage.verifyGiftCardPage(TopMenuPage.java:66)
  com.nopcommerce.demo.pages.TopMenuPage.verifyGiftCardPage(TopMenuPage.java:66)
  com.nopcommerce.demo.pages.TopMenuPage.verifyGiftCardPage(TopMenuPage.java:66)
  com.nopcommerce.demo.pages.TopMenuPage.verifyGiftCardPage(TopMenuPage.java:66)
  com.nopcommerce.demo.pages.TopMenuPage.verifyGiftCardPage(TopMenuPage.java:66)
  com.nopcommerce.demo.pages.TopMenuPage.verifyGiftCardPage(TopMenuPage.java:66)
  com.nopcommerce.demo.pages.TopMenuPage.verifyGiftCardPage(TopMenuPage.java:66)
  com.nopcommerce.demo.pages.TopMenuPage.verifyGiftCardPage(TopMenuPage.java:66)
  com.nopcommerce.demo.pages.TopMenuPage.verifyGiftCardPage(TopMenuPage.java:66)
  com.nopcommerce.demo.pages.TopMenuPage.verifyGiftCardPage(TopMenuPage.java:66)
  com.nopcommerce.demo.pages.TopMenuPage.verifyGiftCardPage(TopMenuPage.java:66)
  com.nopcommerce.demo.pages.TopMenuPage.verifyGiftCardPage(TopMenuPage.java:66)
  com.nopcommerce.demo.pages.TopMenuPage.verifyGiftCardPage(TopMenuPage.java:66)
  com.nopcommerce.demo.pages.TopMenuPage.verifyGiftCardPage(TopMenuPage.java:66)
  com.nopcommerce.demo.pages.TopMenuPage.verifyGiftCardPage(TopMenuPage.java:66)
  com.nopcommerce.demo.pages.TopMenuPage.verifyGiftCardPage(TopMenuPage.java:66)
  com.nopcommerce.demo.pages.TopMenuPage.verifyGiftCardPage(TopMenuPage.java:66)
  com.nopcommerce.demo.pages.TopMenuPage.verifyGiftCardPage(TopMenuPage.java:66)
  com.nopcommerce.demo.pages.TopMenuPage.verifyGiftCardPage(TopMenuPage.java:66)
  com.nopcommerce.demo.pages.TopMenuPage.verifyGiftCardPage(TopMenuPage.java:66)
  com.nopcommerce.demo.pages.TopMenuPage.verifyGiftCardPage(TopMenuPage.java:66)
  com.nopcommerce.demo.pages.TopMenuPage.verifyGiftCardPage(TopMenuPage.java:66)
  com.nopcommerce.demo.pages.TopMenuPage.verifyGiftCardPage(TopMenuPage.java:66)
  com.nopcommerce.demo.pages.TopMenuPage.verifyGiftCardPage(TopMenuPage.java:66)
  com.nopcommerce.demo.pages.TopMenuPage.verifyGiftCardPage(TopMenuPage.java:66)
  com.nopcommerce.demo.pages.TopMenuPage.verifyGiftCardPage(TopMenuPage.java:66)
  com.nopcommerce.demo.pages.TopMenuPage.verifyGiftCardPage(TopMenuPage.java:66)
  com.nopcommerce.demo.pages.TopMenuPage.verifyGiftCardPage(TopMenuPage.java:66)
  com.nopcommerce.demo.pages.TopMenuPage.verifyGiftCardPage(TopMenuPage.java:66)
  com.nopcommerce.demo.pages.TopMenuPage.verifyGiftCardPage(TopMenuPage.java:66)
  com.nopcommerce.demo.pages.TopMenuPage.verifyGiftCardPage(TopMenuPage.java:66)
  com.nopcommerce.demo.pages.TopMenuPage.verifyGiftCardPage(TopMenuPage.java:66)
  com.nopcommerce.demo.pages.TopMenuPage.verifyGiftCardPage(TopMenuPage.java:66)
  com.nopcommerce.demo.pages.TopMenuPage.verifyGiftCardPage(TopMenuPage.java:66)
  com.nopcommerce.demo.pages.TopMenuPage.verifyGiftCardPage(TopMenuPage.java:66)
  com.nopcommerce.demo.pages.TopMenuPage.verifyGiftCardPage(TopMenuPage.java:66)
  com.nopcommerce.demo.pages.TopMenuPage.verifyGiftCardPage(TopMenuPage.java:66)
  com.nopcommerce.demo.pages.TopMenuPage.verifyGiftCardPage(TopMenuPage.java:66)
  com.nopcommerce.demo.pages.TopMenuPage.verifyGiftCardPage(TopMenuPage.java:66)
  com.nopcommerce.demo.pages.TopMenuPage.verifyGiftCardPage(TopMenuPage.java:66)
  com.nopcommerce.demo.pages.TopMenuPage.verifyGiftCardPage(TopMenuPage.java:66)
  com.nopcommerce.demo.pages.TopMenuPage.verifyGiftCardPage(TopMenuPage.java:66)
  com.nopcommerce.demo.pages.TopMenuPage.verifyGiftCardPage(TopMenuPage.java:66)
  com.nopcommerce.demo.pages.TopMenuPage.verifyGiftCardPage(TopMenuPage.java:66)
  com.nopcommerce.demo.pages.TopMenuPage.verifyGiftCardPage(TopMenuPage.java:66)
  com.nopcommerce.demo.pages.TopMenuPage.verifyGiftCardPage(TopMenuPage.java:66)
  com.nopcommerce.demo.pages.TopMenuPage.verifyGiftCardPage(TopMenuPage.java:66)
  com.nopcommerce.demo.pages.TopMenuPage.verifyGiftCardPage(TopMenuPage.java:66)
  com.nopcommerce.demo.pages.TopMenuPage.verifyGiftCardPage(TopMenuPage.java:66)
  com.nopcommerce.demo.pages.TopMenuPage.verifyGiftCardPage(TopMenuPage.java:66)
  com.nopcommerce.demo.pages.TopMenuPage.verifyGiftCardPage(TopMenuPage.java:66)
  com.nopcommerce.demo.pages.TopMenuPage.verifyGiftCardPage(TopMenuPage.java:66)
  com.nopcommerce.demo.pages.TopMenuPage.verifyGiftCardPage(TopMenuPage.java:66)
  com.nopcommerce.demo.pages.TopMenuPage.verifyGiftCardPage(TopMenuPage.java:66)
  com.nopcommerce.demo.pages.TopMenuPage.verifyGiftCardPage(TopMenuPage.java:66)
  com.nopcommerce.demo.pages.TopMenuPage.verifyGiftCardPage(TopMenuPage.java:66)
  com.nopcommerce.demo.pages.TopMenuPage.verifyGiftCardPage(TopMenuPage.java:66)
  com.nopcommerce.demo.pages.TopMenuPage.verifyGiftCardPage(TopMenuPage.java:66)
  com.nopcommerce.demo.pages.TopMenuPage.verifyGiftCardPage(TopMenuPage.java:66)
  com.nopcommerce.demo.pages.TopMenuPage.verifyGiftCardPage(TopMenuPage.java:66)
  com.nopcommerce.demo.pages.TopMenuPage.verifyGiftCardPage(TopMenuPage.java:66)
  com.nopcommerce.demo.pages.TopMenuPage.verifyGiftCardPage(TopMenuPage.java:66)
  com.nopcommerce.demo.pages.TopMenuPage.verifyGiftCardPage(TopMenuPage.java:66)
  com.nopcommerce.demo.pages.TopMenuPage.verifyGiftCardPage(TopMenuPage.java:66)
  com.nopcommerce.demo.pages.TopMenuPage.verifyGiftCardPage(TopMenuPage.java:66)
  com.nopcommerce.demo.pages.TopMenuPage.verifyGiftCardPage(TopMenuPage.java:66)
  com.nopcommerce.demo.pages.TopMenuPage.verifyGiftCardPage(TopMenuPage.java:66)
  com.nopcommerce.demo.pages.TopMenuPage.verifyGiftCardPage(TopMenuPage.java:66)
  com.nopcommerce.demo.pages.TopMenuPage.verifyGiftCardPage(TopMenuPage.java:66)
  com.nopcommerce.demo.pages.TopMenuPage.verifyGiftCardPage(TopMenuPage.java:66)
  com.nopcommerce.demo.pages.TopMenuPage.verifyGiftCardPage(TopMenuPage.java:66)
  com.nopcommerce.demo.pages.TopMenuPage.verifyGiftCardPage(TopMenuPage.java:66)
  com.nopcommerce.demo.pages.TopMenuPage.verifyGiftCardPage(TopMenuPage.java:66)
  com.nopcommerce.demo.pages.TopMenuPage.verifyGiftCardPage(TopMenuPage.java:66)
  com.nopcommerce.demo.pages.TopMenuPage.verifyGiftCardPage(TopMenuPage.java:66)
  com.nopcommerce.demo.pages.TopMenuPage.verifyGiftCardPage(TopMenuPage.java:66)
  com.nopcommerce.demo.pages.TopMenuPage.verifyGiftCardPage(TopMenuPage.java:66)
  com.nopcommerce.demo.pages.TopMenuPage.verifyGiftCardPage(TopMenuPage.java:66)
  com.nopcommerce.demo.pages.TopMenuPage.verifyGiftCardPage(TopMenuPage.java:66)
  com.nopcommerce.demo.pages.TopMenuPage.verifyGiftCardPage(TopMenuPage.java:66)
  com.nopcommerce.demo.pages.TopMenuPage.verifyGiftCardPage(TopMenuPage.java:66)
  com.nopcommerce.demo.pages.TopMenuPage.verifyGiftCardPage(TopMenuPage.java:66)
  com.nopcommerce.demo.pages.TopMenuPage.verifyGiftCardPage(TopMenuPage.java:66)
  com.nopcommerce.demo.pages.TopMenuPage.verifyGiftCardPage(TopMenuPage.java:66)
  com.nopcommerce.demo.pages.TopMenuPage.verifyGiftCardPage(TopMenuPage.java:66)
  com.nopcommerce.demo.pages.TopMenuPage.verifyGiftCardPage(TopMenuPage.java:66)
  com.nopcommerce.demo.pages.TopMenuPage.verifyGiftCardPage(TopMenuPage.java:66)
  com.nopcommerce.demo.pages.TopMenuPage.verifyGiftCardPage(TopMenuPage.java:66)
  com.nopcommerce.demo.pages.TopMenuPage.verifyGiftCardPage(TopMenuPage.java:66)
  com.nopcommerce.demo.pages.TopMenuPage.verifyGiftCardPage(TopMenuPage.java:66)
  com.nopcommerce.demo.pages.TopMenuPage.verifyGiftCardPage(TopMenuPage.java:66)
  com.nopcommerce.demo.pages.TopMenuPage.verifyGiftCardPage(TopMenuPage.java:66)
  com.nopcommerce.demo.pages.TopMenuPage.verifyGiftCardPage(TopMenuPage.java:66)
  com.nopcommerce.demo.pages.TopMenuPage.verifyGiftCardPage(TopMenuPage.java:66)
  com.nopcommerce.demo.pages.TopMenuPage.verifyGiftCardPage(TopMenuPage.java:66)
  com.nopcommerce.demo.pages.TopMenuPage.verifyGiftCardPage(TopMenuPage.java:66)
  com.nopcommerce.demo.pages.TopMenuPage.verifyGiftCardPage(TopMenuPage.java:66)
  com.nopcommerce.demo.pages.TopMenuPage.verifyGiftCardPage(TopMenuPage.java:66)
  com.nopcommerce.demo.pages.TopMenuPage.verifyGiftCardPage(TopMenuPage.java:66)
  com.nopcommerce.demo.pages.TopMenuPage.verifyGiftCardPage(TopMenuPage.java:66)
  com.nopcommerce.demo.pages.TopMenuPage.verifyGiftCardPage(TopMenuPage.java:66)
  com.nopcommerce.demo.pages.TopMenuPage.verifyGiftCardPage(TopMenuPage.java:66)
  com.nopcommerce.demo.pages.TopMenuPage.verifyGiftCardPage(TopMenuPage.java:66)
  com.nopcommerce.demo.pages.TopMenuPage.verifyGiftCardPage(TopMenuPage.java:66)
  com.nopcommerce.demo.pages.TopMenuPage.verifyGiftCardPage(TopMenuPage.java:66)
  com.nopcommerce.demo.pages.TopMenuPage.verifyGiftCardPage(TopMenuPage.java:66)
  com.nopcommerce.demo.pages.TopMenuPage.verifyGiftCardPage(TopMenuPage.java:66)
  com.nopcommerce.demo.pages.TopMenuPage.verifyGiftCardPage(TopMenuPage.java:66)
  com.nopcommerce.demo.pages.TopMenuPage.verifyGiftCardPage(TopMenuPage.java:66)
  com.nopcommerce.demo.pages.TopMenuPage.verifyGiftCardPage(TopMenuPage.java:66)
  com.nopcommerce.demo.pages.TopMenuPage.verifyGiftCardPage(TopMenuPage.java:66)
  com.nopcommerce.demo.pages.TopMenuPage.verifyGiftCardPage(TopMenuPage.java:66)
  com.nopcommerce.demo.pages.TopMenuPage.verifyGiftCardPage(TopMenuPage.java:66)
  com.nopcommerce.demo.pages.TopMenuPage.verifyGiftCardPage(TopMenuPage.java:66)
  com.nopcommerce.demo.pages.TopMenuPage.verifyGiftCardPage(TopMenuPage.java:66)
  com.nopcommerce.demo.pages.TopMenuPage.verifyGiftCardPage(TopMenuPage.java:66)
  com.nopcommerce.demo.pages.TopMenuPage.verifyGiftCardPage(TopMenuPage.java:66)
  com.nopcommerce.demo.pages.TopMenuPage.verifyGiftCardPage(TopMenuPage.java:66)
  com.nopcommerce.demo.pages.TopMenuPage.verifyGiftCardPage(TopMenuPage.java:66)
  com.nopcommerce.demo.pages.TopMenuPage.verifyGiftCardPage(TopMenuPage.java:66)
  com.nopcommerce.demo.pages.TopMenuPage.verifyGiftCardPage(TopMenuPage.java:66)
  com.nopcommerce.demo.pages.TopMenuPage.verifyGiftCardPage(TopMenuPage.java:66)
  com.nopcommerce.demo.pages.TopMenuPage.verifyGiftCardPage(TopMenuPage.java:66)
  com.nopcommerce.demo.pages.TopMenuPage.verifyGiftCardPage(TopMenuPage.java:66)
  com.nopcommerce.demo.pages.TopMenuPage.verifyGiftCardPage(TopMenuPage.java:66)
  com.nopcommerce.demo.pages.TopMenuPage.verifyGiftCardPage(TopMenuPage.java:66)
  com.nopcommerce.demo.pages.TopMenuPage.verifyGiftCardPage(TopMenuPage.java:66)
  com.nopcommerce.demo.pages.TopMenuPage.verifyGiftCardPage(TopMenuPage.java:66)
  com.nopcommerce.demo.pages.TopMenuPage.verifyGiftCardPage(TopMenuPage.java:66)
  com.nopcommerce.demo.pages.TopMenuPage.verifyGiftCardPage(TopMenuPage.java:66)
  com.nopcommerce.demo.pages.TopMenuPage.verifyGiftCardPage(TopMenuPage.java:66)
]]>
      </failure>

          </testcase>
  
  
            <testcase name="verifyUserShouldNavigateToJewelry" time="2.103" classname="com.nopcommerce.demo.testsuite.TopMenuTest" />
                <testcase name="verifyUserShouldNavigateToApparel" time="3.221" classname="com.nopcommerce.demo.testsuite.TopMenuTest" />
                <testcase name="verifyUserShouldNavigateToComputerPage" time="3.360" classname="com.nopcommerce.demo.testsuite.TopMenuTest" />
                <testcase name="verifyUserShouldNavigateToElectronicsPage" time="3.180" classname="com.nopcommerce.demo.testsuite.TopMenuTest" />
                <testcase name="verifyUserShouldNavigateToDigitalDownloads" time="2.570" classname="com.nopcommerce.demo.testsuite.TopMenuTest" />
                <testcase name="verifyUserShouldNavigateToBooks" time="2.510" classname="com.nopcommerce.demo.testsuite.TopMenuTest" />
      
</testsuite>
